============================= test session starts ==============================
collecting ... collected 1060 items

tests/test_cli.py::TestCLI::test_load_podcast_configs_single PASSED
tests/test_cli.py::TestCLI::test_load_podcast_configs_multiple PASSED
tests/test_cli.py::TestCLI::test_load_podcast_configs_missing_rss_url PASSED
tests/test_cli.py::TestCLI::test_process_vtt_single_file Scanning for VTT files in: /tmp/tmp5bxc8pfv
  Pattern: *.vtt
  Recursive: False

Found 1 VTT file(s)

Processing VTT files...

[1/1] Processing: test.vtt
  ✓ Success - 10 segments processed

==================================================
Processing Summary:
  Total files found: 1
  Successfully processed: 1
  Failed: 0
  Skipped (already processed): 0

VTT processing completed successfully!
PASSED
tests/test_cli.py::TestCLI::test_process_vtt_dry_run Scanning for VTT files in: /tmp/tmplamb954_
  Pattern: *.vtt
  Recursive: False

Found 1 VTT file(s)

DRY RUN - Files that would be processed:
  1. test.vtt - ✓ Valid
PASSED
tests/test_cli.py::TestCLI::test_checkpoint_status Checkpoint Status (checkpoints):
  Total files processed: 1

Processed Files:

  File: test1.vtt
    Hash: abcdef1234567890...
    Segments: 10
    Processed at: 2024-01-01T00:00:00
PASSED
tests/test_cli.py::TestCLI::test_checkpoint_clean Cleaning 2 checkpoint file(s)...
  ✓ Removed: vtt_checkpoint1.json
  ✓ Removed: vtt_checkpoint2.json

Checkpoint cleanup completed.
PASSED
tests/test_cli.py::TestCLI::test_main_process_vtt_command PASSED
tests/test_cli.py::TestCLI::test_main_checkpoint_status_command PASSED
tests/test_cli.py::TestCLI::test_main_checkpoint_clean_command PASSED
tests/test_cli.py::TestCLI::test_main_help usage: cli.py [-h] [-v] [-c CONFIG] [--log-file LOG_FILE]
              {process-vtt,checkpoint-status,checkpoint-clean} ...

VTT Knowledge Graph Pipeline - Transform transcripts into structured knowledge

positional arguments:
  {process-vtt,checkpoint-status,checkpoint-clean}
                        Available commands
    process-vtt         Process VTT transcript files into knowledge graph
    checkpoint-status   Show checkpoint status and processing history
    checkpoint-clean    Clean checkpoint data

options:
  -h, --help            show this help message and exit
  -v, --verbose         Enable verbose logging
  -c CONFIG, --config CONFIG
                        Path to configuration file (YAML)
  --log-file LOG_FILE   Path to log file

Examples:
  # Process all VTT files in a folder
  cli.py process-vtt --folder /path/to/vtt/files
  
  # Process with specific pattern
  cli.py process-vtt --folder /path/to/vtt --pattern "episode_*.vtt"
  
  # Recursive processing
  cli.py process-vtt --folder /path/to/vtt --recursive
  
  # Dry run to see what would be processed
  cli.py process-vtt --folder /path/to/vtt --dry-run
  
  # Continue on errors
  cli.py process-vtt --folder /path/to/vtt --skip-errors
  
  # View checkpoint status
  cli.py checkpoint-status
  
  # Clean checkpoints
  cli.py checkpoint-clean --force
        
PASSED
tests/test_cli.py::TestCLI::test_main_no_command usage: cli.py [-h] [-v] [-c CONFIG] [--log-file LOG_FILE]
              {process-vtt,checkpoint-status,checkpoint-clean} ...

VTT Knowledge Graph Pipeline - Transform transcripts into structured knowledge

positional arguments:
  {process-vtt,checkpoint-status,checkpoint-clean}
                        Available commands
    process-vtt         Process VTT transcript files into knowledge graph
    checkpoint-status   Show checkpoint status and processing history
    checkpoint-clean    Clean checkpoint data

options:
  -h, --help            show this help message and exit
  -v, --verbose         Enable verbose logging
  -c CONFIG, --config CONFIG
                        Path to configuration file (YAML)
  --log-file LOG_FILE   Path to log file

Examples:
  # Process all VTT files in a folder
  cli.py process-vtt --folder /path/to/vtt/files
  
  # Process with specific pattern
  cli.py process-vtt --folder /path/to/vtt --pattern "episode_*.vtt"
  
  # Recursive processing
  cli.py process-vtt --folder /path/to/vtt --recursive
  
  # Dry run to see what would be processed
  cli.py process-vtt --folder /path/to/vtt --dry-run
  
  # Continue on errors
  cli.py process-vtt --folder /path/to/vtt --skip-errors
  
  # View checkpoint status
  cli.py checkpoint-status
  
  # Clean checkpoints
  cli.py checkpoint-clean --force
        
PASSED
tests/test_cli.py::TestCLI::test_validate_vtt_file PASSED
tests/test_cli.py::TestCLI::test_find_vtt_files PASSED
tests/test_component_baselines.py::TestComponentBaselines::test_run_raw_baseline {"timestamp": "2025-06-03T22:56:16.960844+00:00", "level": null, "name": "src.core.feature_flags", "message": "Feature flag ENABLE_SCHEMALESS_EXTRACTION set to True"}
{"timestamp": "2025-06-03T22:56:16.961600+00:00", "level": null, "name": "src.core.feature_flags", "message": "Feature flag ENABLE_TIMESTAMP_INJECTION set to False"}
{"timestamp": "2025-06-03T22:56:16.961863+00:00", "level": null, "name": "src.core.feature_flags", "message": "Feature flag ENABLE_SPEAKER_INJECTION set to False"}
{"timestamp": "2025-06-03T22:56:16.962072+00:00", "level": null, "name": "src.core.feature_flags", "message": "Feature flag ENABLE_QUOTE_POSTPROCESSING set to False"}
{"timestamp": "2025-06-03T22:56:16.962318+00:00", "level": null, "name": "src.core.feature_flags", "message": "Feature flag ENABLE_METADATA_ENRICHMENT set to False"}
{"timestamp": "2025-06-03T22:56:16.962567+00:00", "level": null, "name": "src.core.feature_flags", "message": "Feature flag ENABLE_ENTITY_RESOLUTION_POSTPROCESS set to False"}
{"timestamp": "2025-06-03T22:56:16.967644+00:00", "level": null, "name": "src.utils.resources", "message": "Initialized checkpoint manager at: test_checkpoints"}
{"timestamp": "2025-06-03T22:56:16.968447+00:00", "level": null, "name": "src.seeding.checkpoint", "message": "Initialized enhanced checkpoint manager at: test_checkpoints (mode: fixed)"}
{"timestamp": "2025-06-03T22:56:16.968805+00:00", "level": null, "name": "src.seeding.components.checkpoint_manager", "message": "Initialized checkpoint manager (mode: fixed)"}
{"timestamp": "2025-06-03T22:56:16.969331+00:00", "level": null, "name": "src.seeding.components.signal_manager", "message": "Signal handlers configured for graceful shutdown"}
{"timestamp": "2025-06-03T22:56:16.969659+00:00", "level": null, "name": "src.seeding.components.provider_coordinator", "message": "Initializing pipeline services..."}
{"timestamp": "2025-06-03T22:56:16.969929+00:00", "level": null, "name": "src.seeding.components.provider_coordinator", "message": "\ud83d\udd04 Initializing services in SCHEMALESS extraction mode"}
{"timestamp": "2025-06-03T22:56:16.970245+00:00", "level": null, "name": "src.seeding.components.provider_coordinator", "message": "  - Entity resolution threshold: 0.85"}
{"timestamp": "2025-06-03T22:56:16.970542+00:00", "level": null, "name": "src.seeding.components.provider_coordinator", "message": "  - Max properties per node: 50"}
{"timestamp": "2025-06-03T22:56:16.970872+00:00", "level": null, "name": "src.seeding.components.provider_coordinator", "message": "  - Relationship normalization: True"}
{"timestamp": "2025-06-03T22:56:16.972521+00:00", "level": null, "name": "src.services.embeddings_gemini", "message": "Initialized GeminiEmbeddingsService with model: models/text-embedding-004"}
{"timestamp": "2025-06-03T22:56:16.973112+00:00", "level": null, "name": "src.seeding.components.provider_coordinator", "message": "All providers initialized successfully"}
{"timestamp": "2025-06-03T22:56:16.973770+00:00", "level": null, "name": "src.seeding.orchestrator", "message": "\u2713 All pipeline components initialized successfully"}
PASSED
tests/test_component_baselines.py::TestComponentBaselines::test_component_impact_tracking {"timestamp": "2025-06-03T22:56:17.020566+00:00", "level": null, "name": "src.core.feature_flags", "message": "Feature flag ENABLE_SCHEMALESS_EXTRACTION set to True"}
{"timestamp": "2025-06-03T22:56:17.020784+00:00", "level": null, "name": "src.core.feature_flags", "message": "Feature flag ENABLE_TIMESTAMP_INJECTION set to True"}
{"timestamp": "2025-06-03T22:56:17.020912+00:00", "level": null, "name": "src.core.feature_flags", "message": "Feature flag ENABLE_SPEAKER_INJECTION set to False"}
{"timestamp": "2025-06-03T22:56:17.021021+00:00", "level": null, "name": "src.core.feature_flags", "message": "Feature flag ENABLE_QUOTE_POSTPROCESSING set to False"}
{"timestamp": "2025-06-03T22:56:17.021123+00:00", "level": null, "name": "src.core.feature_flags", "message": "Feature flag ENABLE_METADATA_ENRICHMENT set to False"}
{"timestamp": "2025-06-03T22:56:17.021241+00:00", "level": null, "name": "src.core.feature_flags", "message": "Feature flag ENABLE_ENTITY_RESOLUTION_POSTPROCESS set to False"}
{"timestamp": "2025-06-03T22:56:17.021431+00:00", "level": null, "name": "src.utils.resources", "message": "Initialized checkpoint manager at: test_checkpoints"}
{"timestamp": "2025-06-03T22:56:17.021664+00:00", "level": null, "name": "src.seeding.checkpoint", "message": "Initialized enhanced checkpoint manager at: test_checkpoints (mode: fixed)"}
{"timestamp": "2025-06-03T22:56:17.021776+00:00", "level": null, "name": "src.seeding.components.checkpoint_manager", "message": "Initialized checkpoint manager (mode: fixed)"}
{"timestamp": "2025-06-03T22:56:17.021934+00:00", "level": null, "name": "src.seeding.components.signal_manager", "message": "Signal handlers configured for graceful shutdown"}
{"timestamp": "2025-06-03T22:56:17.022056+00:00", "level": null, "name": "src.seeding.components.provider_coordinator", "message": "Initializing pipeline services..."}
{"timestamp": "2025-06-03T22:56:17.022168+00:00", "level": null, "name": "src.seeding.components.provider_coordinator", "message": "\ud83d\udd04 Initializing services in SCHEMALESS extraction mode"}
{"timestamp": "2025-06-03T22:56:17.022274+00:00", "level": null, "name": "src.seeding.components.provider_coordinator", "message": "  - Entity resolution threshold: 0.85"}
{"timestamp": "2025-06-03T22:56:17.022368+00:00", "level": null, "name": "src.seeding.components.provider_coordinator", "message": "  - Max properties per node: 50"}
{"timestamp": "2025-06-03T22:56:17.022472+00:00", "level": null, "name": "src.seeding.components.provider_coordinator", "message": "  - Relationship normalization: True"}
{"timestamp": "2025-06-03T22:56:17.022846+00:00", "level": null, "name": "src.services.embeddings_gemini", "message": "Initialized GeminiEmbeddingsService with model: models/text-embedding-004"}
{"timestamp": "2025-06-03T22:56:17.023017+00:00", "level": null, "name": "src.seeding.components.provider_coordinator", "message": "All providers initialized successfully"}
{"timestamp": "2025-06-03T22:56:17.023246+00:00", "level": null, "name": "src.seeding.orchestrator", "message": "\u2713 All pipeline components initialized successfully"}
PASSED
tests/test_component_baselines.py::TestComponentBaselines::test_compare_baselines {"timestamp": "2025-06-03T22:56:17.050861+00:00", "level": null, "name": "src.core.feature_flags", "message": "Feature flag ENABLE_SCHEMALESS_EXTRACTION set to True"}
{"timestamp": "2025-06-03T22:56:17.051173+00:00", "level": null, "name": "src.core.feature_flags", "message": "Feature flag ENABLE_TIMESTAMP_INJECTION set to False"}
{"timestamp": "2025-06-03T22:56:17.051364+00:00", "level": null, "name": "src.core.feature_flags", "message": "Feature flag ENABLE_SPEAKER_INJECTION set to False"}
{"timestamp": "2025-06-03T22:56:17.051532+00:00", "level": null, "name": "src.core.feature_flags", "message": "Feature flag ENABLE_QUOTE_POSTPROCESSING set to False"}
{"timestamp": "2025-06-03T22:56:17.051667+00:00", "level": null, "name": "src.core.feature_flags", "message": "Feature flag ENABLE_METADATA_ENRICHMENT set to False"}
{"timestamp": "2025-06-03T22:56:17.051801+00:00", "level": null, "name": "src.core.feature_flags", "message": "Feature flag ENABLE_ENTITY_RESOLUTION_POSTPROCESS set to False"}
{"timestamp": "2025-06-03T22:56:17.052018+00:00", "level": null, "name": "src.utils.resources", "message": "Initialized checkpoint manager at: test_checkpoints"}
{"timestamp": "2025-06-03T22:56:17.052340+00:00", "level": null, "name": "src.seeding.checkpoint", "message": "Initialized enhanced checkpoint manager at: test_checkpoints (mode: fixed)"}
{"timestamp": "2025-06-03T22:56:17.052519+00:00", "level": null, "name": "src.seeding.components.checkpoint_manager", "message": "Initialized checkpoint manager (mode: fixed)"}
{"timestamp": "2025-06-03T22:56:17.052724+00:00", "level": null, "name": "src.seeding.components.signal_manager", "message": "Signal handlers configured for graceful shutdown"}
{"timestamp": "2025-06-03T22:56:17.052882+00:00", "level": null, "name": "src.seeding.components.provider_coordinator", "message": "Initializing pipeline services..."}
{"timestamp": "2025-06-03T22:56:17.053015+00:00", "level": null, "name": "src.seeding.components.provider_coordinator", "message": "\ud83d\udd04 Initializing services in SCHEMALESS extraction mode"}
{"timestamp": "2025-06-03T22:56:17.053166+00:00", "level": null, "name": "src.seeding.components.provider_coordinator", "message": "  - Entity resolution threshold: 0.85"}
{"timestamp": "2025-06-03T22:56:17.053298+00:00", "level": null, "name": "src.seeding.components.provider_coordinator", "message": "  - Max properties per node: 50"}
{"timestamp": "2025-06-03T22:56:17.053476+00:00", "level": null, "name": "src.seeding.components.provider_coordinator", "message": "  - Relationship normalization: True"}
{"timestamp": "2025-06-03T22:56:17.053919+00:00", "level": null, "name": "src.services.embeddings_gemini", "message": "Initialized GeminiEmbeddingsService with model: models/text-embedding-004"}
{"timestamp": "2025-06-03T22:56:17.054126+00:00", "level": null, "name": "src.seeding.components.provider_coordinator", "message": "All providers initialized successfully"}
{"timestamp": "2025-06-03T22:56:17.054311+00:00", "level": null, "name": "src.seeding.orchestrator", "message": "\u2713 All pipeline components initialized successfully"}
{"timestamp": "2025-06-03T22:56:17.067168+00:00", "level": null, "name": "src.core.feature_flags", "message": "Feature flag ENABLE_SCHEMALESS_EXTRACTION set to True"}
{"timestamp": "2025-06-03T22:56:17.067738+00:00", "level": null, "name": "src.core.feature_flags", "message": "Feature flag ENABLE_TIMESTAMP_INJECTION set to True"}
{"timestamp": "2025-06-03T22:56:17.068081+00:00", "level": null, "name": "src.core.feature_flags", "message": "Feature flag ENABLE_SPEAKER_INJECTION set to True"}
{"timestamp": "2025-06-03T22:56:17.068532+00:00", "level": null, "name": "src.core.feature_flags", "message": "Feature flag ENABLE_QUOTE_POSTPROCESSING set to False"}
{"timestamp": "2025-06-03T22:56:17.069075+00:00", "level": null, "name": "src.core.feature_flags", "message": "Feature flag ENABLE_METADATA_ENRICHMENT set to False"}
{"timestamp": "2025-06-03T22:56:17.069551+00:00", "level": null, "name": "src.core.feature_flags", "message": "Feature flag ENABLE_ENTITY_RESOLUTION_POSTPROCESS set to False"}
{"timestamp": "2025-06-03T22:56:17.070015+00:00", "level": null, "name": "src.utils.resources", "message": "Initialized checkpoint manager at: test_checkpoints"}
{"timestamp": "2025-06-03T22:56:17.070646+00:00", "level": null, "name": "src.seeding.checkpoint", "message": "Initialized enhanced checkpoint manager at: test_checkpoints (mode: fixed)"}
{"timestamp": "2025-06-03T22:56:17.070876+00:00", "level": null, "name": "src.seeding.components.checkpoint_manager", "message": "Initialized checkpoint manager (mode: fixed)"}
{"timestamp": "2025-06-03T22:56:17.071160+00:00", "level": null, "name": "src.seeding.components.signal_manager", "message": "Signal handlers configured for graceful shutdown"}
{"timestamp": "2025-06-03T22:56:17.071996+00:00", "level": null, "name": "src.seeding.components.provider_coordinator", "message": "Initializing pipeline services..."}
{"timestamp": "2025-06-03T22:56:17.072292+00:00", "level": null, "name": "src.seeding.components.provider_coordinator", "message": "\ud83d\udd04 Initializing services in SCHEMALESS extraction mode"}
{"timestamp": "2025-06-03T22:56:17.072506+00:00", "level": null, "name": "src.seeding.components.provider_coordinator", "message": "  - Entity resolution threshold: 0.85"}
{"timestamp": "2025-06-03T22:56:17.072655+00:00", "level": null, "name": "src.seeding.components.provider_coordinator", "message": "  - Max properties per node: 50"}
{"timestamp": "2025-06-03T22:56:17.072802+00:00", "level": null, "name": "src.seeding.components.provider_coordinator", "message": "  - Relationship normalization: True"}
{"timestamp": "2025-06-03T22:56:17.073264+00:00", "level": null, "name": "src.services.embeddings_gemini", "message": "Initialized GeminiEmbeddingsService with model: models/text-embedding-004"}
{"timestamp": "2025-06-03T22:56:17.073497+00:00", "level": null, "name": "src.seeding.components.provider_coordinator", "message": "All providers initialized successfully"}
{"timestamp": "2025-06-03T22:56:17.073702+00:00", "level": null, "name": "src.seeding.orchestrator", "message": "\u2713 All pipeline components initialized successfully"}
PASSED
tests/test_component_baselines.py::TestComponentBaselines::test_all_baselines {"timestamp": "2025-06-03T22:56:17.112011+00:00", "level": null, "name": "src.core.feature_flags", "message": "Feature flag ENABLE_SCHEMALESS_EXTRACTION set to True"}
{"timestamp": "2025-06-03T22:56:17.113306+00:00", "level": null, "name": "src.core.feature_flags", "message": "Feature flag ENABLE_TIMESTAMP_INJECTION set to False"}
{"timestamp": "2025-06-03T22:56:17.114188+00:00", "level": null, "name": "src.core.feature_flags", "message": "Feature flag ENABLE_SPEAKER_INJECTION set to False"}
{"timestamp": "2025-06-03T22:56:17.114475+00:00", "level": null, "name": "src.core.feature_flags", "message": "Feature flag ENABLE_QUOTE_POSTPROCESSING set to False"}
{"timestamp": "2025-06-03T22:56:17.114709+00:00", "level": null, "name": "src.core.feature_flags", "message": "Feature flag ENABLE_METADATA_ENRICHMENT set to False"}
{"timestamp": "2025-06-03T22:56:17.114930+00:00", "level": null, "name": "src.core.feature_flags", "message": "Feature flag ENABLE_ENTITY_RESOLUTION_POSTPROCESS set to False"}
{"timestamp": "2025-06-03T22:56:17.115284+00:00", "level": null, "name": "src.utils.resources", "message": "Initialized checkpoint manager at: test_checkpoints"}
{"timestamp": "2025-06-03T22:56:17.115706+00:00", "level": null, "name": "src.seeding.checkpoint", "message": "Initialized enhanced checkpoint manager at: test_checkpoints (mode: fixed)"}
{"timestamp": "2025-06-03T22:56:17.115925+00:00", "level": null, "name": "src.seeding.components.checkpoint_manager", "message": "Initialized checkpoint manager (mode: fixed)"}
{"timestamp": "2025-06-03T22:56:17.116524+00:00", "level": null, "name": "src.seeding.components.signal_manager", "message": "Signal handlers configured for graceful shutdown"}
{"timestamp": "2025-06-03T22:56:17.117121+00:00", "level": null, "name": "src.seeding.components.provider_coordinator", "message": "Initializing pipeline services..."}
{"timestamp": "2025-06-03T22:56:17.117476+00:00", "level": null, "name": "src.seeding.components.provider_coordinator", "message": "\ud83d\udd04 Initializing services in SCHEMALESS extraction mode"}
{"timestamp": "2025-06-03T22:56:17.117806+00:00", "level": null, "name": "src.seeding.components.provider_coordinator", "message": "  - Entity resolution threshold: 0.85"}
{"timestamp": "2025-06-03T22:56:17.118238+00:00", "level": null, "name": "src.seeding.components.provider_coordinator", "message": "  - Max properties per node: 50"}
{"timestamp": "2025-06-03T22:56:17.118752+00:00", "level": null, "name": "src.seeding.components.provider_coordinator", "message": "  - Relationship normalization: True"}
{"timestamp": "2025-06-03T22:56:17.119818+00:00", "level": null, "name": "src.services.embeddings_gemini", "message": "Initialized GeminiEmbeddingsService with model: models/text-embedding-004"}
{"timestamp": "2025-06-03T22:56:17.120466+00:00", "level": null, "name": "src.seeding.components.provider_coordinator", "message": "All providers initialized successfully"}
{"timestamp": "2025-06-03T22:56:17.120960+00:00", "level": null, "name": "src.seeding.orchestrator", "message": "\u2713 All pipeline components initialized successfully"}
{"timestamp": "2025-06-03T22:56:17.133218+00:00", "level": null, "name": "src.core.feature_flags", "message": "Feature flag ENABLE_SCHEMALESS_EXTRACTION set to True"}
{"timestamp": "2025-06-03T22:56:17.133778+00:00", "level": null, "name": "src.core.feature_flags", "message": "Feature flag ENABLE_TIMESTAMP_INJECTION set to True"}
{"timestamp": "2025-06-03T22:56:17.133955+00:00", "level": null, "name": "src.core.feature_flags", "message": "Feature flag ENABLE_SPEAKER_INJECTION set to False"}
{"timestamp": "2025-06-03T22:56:17.134079+00:00", "level": null, "name": "src.core.feature_flags", "message": "Feature flag ENABLE_QUOTE_POSTPROCESSING set to False"}
{"timestamp": "2025-06-03T22:56:17.134216+00:00", "level": null, "name": "src.core.feature_flags", "message": "Feature flag ENABLE_METADATA_ENRICHMENT set to False"}
{"timestamp": "2025-06-03T22:56:17.134326+00:00", "level": null, "name": "src.core.feature_flags", "message": "Feature flag ENABLE_ENTITY_RESOLUTION_POSTPROCESS set to False"}
{"timestamp": "2025-06-03T22:56:17.134565+00:00", "level": null, "name": "src.utils.resources", "message": "Initialized checkpoint manager at: test_checkpoints"}
{"timestamp": "2025-06-03T22:56:17.134812+00:00", "level": null, "name": "src.seeding.checkpoint", "message": "Initialized enhanced checkpoint manager at: test_checkpoints (mode: fixed)"}
{"timestamp": "2025-06-03T22:56:17.134929+00:00", "level": null, "name": "src.seeding.components.checkpoint_manager", "message": "Initialized checkpoint manager (mode: fixed)"}
{"timestamp": "2025-06-03T22:56:17.135092+00:00", "level": null, "name": "src.seeding.components.signal_manager", "message": "Signal handlers configured for graceful shutdown"}
{"timestamp": "2025-06-03T22:56:17.135388+00:00", "level": null, "name": "src.seeding.components.provider_coordinator", "message": "Initializing pipeline services..."}
{"timestamp": "2025-06-03T22:56:17.135548+00:00", "level": null, "name": "src.seeding.components.provider_coordinator", "message": "\ud83d\udd04 Initializing services in SCHEMALESS extraction mode"}
{"timestamp": "2025-06-03T22:56:17.135690+00:00", "level": null, "name": "src.seeding.components.provider_coordinator", "message": "  - Entity resolution threshold: 0.85"}
{"timestamp": "2025-06-03T22:56:17.135835+00:00", "level": null, "name": "src.seeding.components.provider_coordinator", "message": "  - Max properties per node: 50"}
{"timestamp": "2025-06-03T22:56:17.135966+00:00", "level": null, "name": "src.seeding.components.provider_coordinator", "message": "  - Relationship normalization: True"}
{"timestamp": "2025-06-03T22:56:17.136436+00:00", "level": null, "name": "src.services.embeddings_gemini", "message": "Initialized GeminiEmbeddingsService with model: models/text-embedding-004"}
{"timestamp": "2025-06-03T22:56:17.136656+00:00", "level": null, "name": "src.seeding.components.provider_coordinator", "message": "All providers initialized successfully"}
{"timestamp": "2025-06-03T22:56:17.136875+00:00", "level": null, "name": "src.seeding.orchestrator", "message": "\u2713 All pipeline components initialized successfully"}
{"timestamp": "2025-06-03T22:56:17.148644+00:00", "level": null, "name": "src.core.feature_flags", "message": "Feature flag ENABLE_SCHEMALESS_EXTRACTION set to True"}
{"timestamp": "2025-06-03T22:56:17.149241+00:00", "level": null, "name": "src.core.feature_flags", "message": "Feature flag ENABLE_TIMESTAMP_INJECTION set to False"}
{"timestamp": "2025-06-03T22:56:17.149698+00:00", "level": null, "name": "src.core.feature_flags", "message": "Feature flag ENABLE_SPEAKER_INJECTION set to True"}
{"timestamp": "2025-06-03T22:56:17.150067+00:00", "level": null, "name": "src.core.feature_flags", "message": "Feature flag ENABLE_QUOTE_POSTPROCESSING set to False"}
{"timestamp": "2025-06-03T22:56:17.150371+00:00", "level": null, "name": "src.core.feature_flags", "message": "Feature flag ENABLE_METADATA_ENRICHMENT set to False"}
{"timestamp": "2025-06-03T22:56:17.150678+00:00", "level": null, "name": "src.core.feature_flags", "message": "Feature flag ENABLE_ENTITY_RESOLUTION_POSTPROCESS set to False"}
{"timestamp": "2025-06-03T22:56:17.150931+00:00", "level": null, "name": "src.utils.resources", "message": "Initialized checkpoint manager at: test_checkpoints"}
{"timestamp": "2025-06-03T22:56:17.151228+00:00", "level": null, "name": "src.seeding.checkpoint", "message": "Initialized enhanced checkpoint manager at: test_checkpoints (mode: fixed)"}
{"timestamp": "2025-06-03T22:56:17.151354+00:00", "level": null, "name": "src.seeding.components.checkpoint_manager", "message": "Initialized checkpoint manager (mode: fixed)"}
{"timestamp": "2025-06-03T22:56:17.151534+00:00", "level": null, "name": "src.seeding.components.signal_manager", "message": "Signal handlers configured for graceful shutdown"}
{"timestamp": "2025-06-03T22:56:17.161689+00:00", "level": null, "name": "src.seeding.components.provider_coordinator", "message": "Initializing pipeline services..."}
{"timestamp": "2025-06-03T22:56:17.161900+00:00", "level": null, "name": "src.seeding.components.provider_coordinator", "message": "\ud83d\udd04 Initializing services in SCHEMALESS extraction mode"}
{"timestamp": "2025-06-03T22:56:17.162030+00:00", "level": null, "name": "src.seeding.components.provider_coordinator", "message": "  - Entity resolution threshold: 0.85"}
{"timestamp": "2025-06-03T22:56:17.162148+00:00", "level": null, "name": "src.seeding.components.provider_coordinator", "message": "  - Max properties per node: 50"}
{"timestamp": "2025-06-03T22:56:17.162252+00:00", "level": null, "name": "src.seeding.components.provider_coordinator", "message": "  - Relationship normalization: True"}
{"timestamp": "2025-06-03T22:56:17.162656+00:00", "level": null, "name": "src.services.embeddings_gemini", "message": "Initialized GeminiEmbeddingsService with model: models/text-embedding-004"}
{"timestamp": "2025-06-03T22:56:17.162824+00:00", "level": null, "name": "src.seeding.components.provider_coordinator", "message": "All providers initialized successfully"}
{"timestamp": "2025-06-03T22:56:17.163149+00:00", "level": null, "name": "src.seeding.orchestrator", "message": "\u2713 All pipeline components initialized successfully"}
{"timestamp": "2025-06-03T22:56:17.174469+00:00", "level": null, "name": "src.core.feature_flags", "message": "Feature flag ENABLE_SCHEMALESS_EXTRACTION set to True"}
{"timestamp": "2025-06-03T22:56:17.174724+00:00", "level": null, "name": "src.core.feature_flags", "message": "Feature flag ENABLE_TIMESTAMP_INJECTION set to False"}
{"timestamp": "2025-06-03T22:56:17.174884+00:00", "level": null, "name": "src.core.feature_flags", "message": "Feature flag ENABLE_SPEAKER_INJECTION set to False"}
{"timestamp": "2025-06-03T22:56:17.175044+00:00", "level": null, "name": "src.core.feature_flags", "message": "Feature flag ENABLE_QUOTE_POSTPROCESSING set to True"}
{"timestamp": "2025-06-03T22:56:17.175210+00:00", "level": null, "name": "src.core.feature_flags", "message": "Feature flag ENABLE_METADATA_ENRICHMENT set to False"}
{"timestamp": "2025-06-03T22:56:17.175344+00:00", "level": null, "name": "src.core.feature_flags", "message": "Feature flag ENABLE_ENTITY_RESOLUTION_POSTPROCESS set to False"}
{"timestamp": "2025-06-03T22:56:17.175567+00:00", "level": null, "name": "src.utils.resources", "message": "Initialized checkpoint manager at: test_checkpoints"}
{"timestamp": "2025-06-03T22:56:17.175829+00:00", "level": null, "name": "src.seeding.checkpoint", "message": "Initialized enhanced checkpoint manager at: test_checkpoints (mode: fixed)"}
{"timestamp": "2025-06-03T22:56:17.175966+00:00", "level": null, "name": "src.seeding.components.checkpoint_manager", "message": "Initialized checkpoint manager (mode: fixed)"}
{"timestamp": "2025-06-03T22:56:17.176160+00:00", "level": null, "name": "src.seeding.components.signal_manager", "message": "Signal handlers configured for graceful shutdown"}
{"timestamp": "2025-06-03T22:56:17.176314+00:00", "level": null, "name": "src.seeding.components.provider_coordinator", "message": "Initializing pipeline services..."}
{"timestamp": "2025-06-03T22:56:17.176467+00:00", "level": null, "name": "src.seeding.components.provider_coordinator", "message": "\ud83d\udd04 Initializing services in SCHEMALESS extraction mode"}
{"timestamp": "2025-06-03T22:56:17.176606+00:00", "level": null, "name": "src.seeding.components.provider_coordinator", "message": "  - Entity resolution threshold: 0.85"}
{"timestamp": "2025-06-03T22:56:17.176728+00:00", "level": null, "name": "src.seeding.components.provider_coordinator", "message": "  - Max properties per node: 50"}
{"timestamp": "2025-06-03T22:56:17.176852+00:00", "level": null, "name": "src.seeding.components.provider_coordinator", "message": "  - Relationship normalization: True"}
{"timestamp": "2025-06-03T22:56:17.177276+00:00", "level": null, "name": "src.services.embeddings_gemini", "message": "Initialized GeminiEmbeddingsService with model: models/text-embedding-004"}
{"timestamp": "2025-06-03T22:56:17.177464+00:00", "level": null, "name": "src.seeding.components.provider_coordinator", "message": "All providers initialized successfully"}
{"timestamp": "2025-06-03T22:56:17.177592+00:00", "level": null, "name": "src.seeding.orchestrator", "message": "\u2713 All pipeline components initialized successfully"}
{"timestamp": "2025-06-03T22:56:17.234883+00:00", "level": null, "name": "src.core.feature_flags", "message": "Feature flag ENABLE_SCHEMALESS_EXTRACTION set to True"}
{"timestamp": "2025-06-03T22:56:17.235196+00:00", "level": null, "name": "src.core.feature_flags", "message": "Feature flag ENABLE_TIMESTAMP_INJECTION set to False"}
{"timestamp": "2025-06-03T22:56:17.235343+00:00", "level": null, "name": "src.core.feature_flags", "message": "Feature flag ENABLE_SPEAKER_INJECTION set to False"}
{"timestamp": "2025-06-03T22:56:17.235511+00:00", "level": null, "name": "src.core.feature_flags", "message": "Feature flag ENABLE_QUOTE_POSTPROCESSING set to False"}
{"timestamp": "2025-06-03T22:56:17.235634+00:00", "level": null, "name": "src.core.feature_flags", "message": "Feature flag ENABLE_METADATA_ENRICHMENT set to True"}
{"timestamp": "2025-06-03T22:56:17.235771+00:00", "level": null, "name": "src.core.feature_flags", "message": "Feature flag ENABLE_ENTITY_RESOLUTION_POSTPROCESS set to False"}
{"timestamp": "2025-06-03T22:56:17.236021+00:00", "level": null, "name": "src.utils.resources", "message": "Initialized checkpoint manager at: test_checkpoints"}
{"timestamp": "2025-06-03T22:56:17.236347+00:00", "level": null, "name": "src.seeding.checkpoint", "message": "Initialized enhanced checkpoint manager at: test_checkpoints (mode: fixed)"}
{"timestamp": "2025-06-03T22:56:17.236541+00:00", "level": null, "name": "src.seeding.components.checkpoint_manager", "message": "Initialized checkpoint manager (mode: fixed)"}
{"timestamp": "2025-06-03T22:56:17.236721+00:00", "level": null, "name": "src.seeding.components.signal_manager", "message": "Signal handlers configured for graceful shutdown"}
{"timestamp": "2025-06-03T22:56:17.236853+00:00", "level": null, "name": "src.seeding.components.provider_coordinator", "message": "Initializing pipeline services..."}
{"timestamp": "2025-06-03T22:56:17.236967+00:00", "level": null, "name": "src.seeding.components.provider_coordinator", "message": "\ud83d\udd04 Initializing services in SCHEMALESS extraction mode"}
{"timestamp": "2025-06-03T22:56:17.240416+00:00", "level": null, "name": "src.seeding.components.provider_coordinator", "message": "  - Entity resolution threshold: 0.85"}
{"timestamp": "2025-06-03T22:56:17.240542+00:00", "level": null, "name": "src.seeding.components.provider_coordinator", "message": "  - Max properties per node: 50"}
{"timestamp": "2025-06-03T22:56:17.240643+00:00", "level": null, "name": "src.seeding.components.provider_coordinator", "message": "  - Relationship normalization: True"}
{"timestamp": "2025-06-03T22:56:17.241031+00:00", "level": null, "name": "src.services.embeddings_gemini", "message": "Initialized GeminiEmbeddingsService with model: models/text-embedding-004"}
{"timestamp": "2025-06-03T22:56:17.241219+00:00", "level": null, "name": "src.seeding.components.provider_coordinator", "message": "All providers initialized successfully"}
{"timestamp": "2025-06-03T22:56:17.241355+00:00", "level": null, "name": "src.seeding.orchestrator", "message": "\u2713 All pipeline components initialized successfully"}
{"timestamp": "2025-06-03T22:56:17.261490+00:00", "level": null, "name": "src.core.feature_flags", "message": "Feature flag ENABLE_SCHEMALESS_EXTRACTION set to True"}
{"timestamp": "2025-06-03T22:56:17.261732+00:00", "level": null, "name": "src.core.feature_flags", "message": "Feature flag ENABLE_TIMESTAMP_INJECTION set to False"}
{"timestamp": "2025-06-03T22:56:17.261883+00:00", "level": null, "name": "src.core.feature_flags", "message": "Feature flag ENABLE_SPEAKER_INJECTION set to False"}
{"timestamp": "2025-06-03T22:56:17.262022+00:00", "level": null, "name": "src.core.feature_flags", "message": "Feature flag ENABLE_QUOTE_POSTPROCESSING set to False"}
{"timestamp": "2025-06-03T22:56:17.262199+00:00", "level": null, "name": "src.core.feature_flags", "message": "Feature flag ENABLE_METADATA_ENRICHMENT set to False"}
{"timestamp": "2025-06-03T22:56:17.262338+00:00", "level": null, "name": "src.core.feature_flags", "message": "Feature flag ENABLE_ENTITY_RESOLUTION_POSTPROCESS set to True"}
{"timestamp": "2025-06-03T22:56:17.262575+00:00", "level": null, "name": "src.utils.resources", "message": "Initialized checkpoint manager at: test_checkpoints"}
{"timestamp": "2025-06-03T22:56:17.262870+00:00", "level": null, "name": "src.seeding.checkpoint", "message": "Initialized enhanced checkpoint manager at: test_checkpoints (mode: fixed)"}
{"timestamp": "2025-06-03T22:56:17.263037+00:00", "level": null, "name": "src.seeding.components.checkpoint_manager", "message": "Initialized checkpoint manager (mode: fixed)"}
{"timestamp": "2025-06-03T22:56:17.263252+00:00", "level": null, "name": "src.seeding.components.signal_manager", "message": "Signal handlers configured for graceful shutdown"}
{"timestamp": "2025-06-03T22:56:17.263435+00:00", "level": null, "name": "src.seeding.components.provider_coordinator", "message": "Initializing pipeline services..."}
{"timestamp": "2025-06-03T22:56:17.263572+00:00", "level": null, "name": "src.seeding.components.provider_coordinator", "message": "\ud83d\udd04 Initializing services in SCHEMALESS extraction mode"}
{"timestamp": "2025-06-03T22:56:17.263708+00:00", "level": null, "name": "src.seeding.components.provider_coordinator", "message": "  - Entity resolution threshold: 0.85"}
{"timestamp": "2025-06-03T22:56:17.263830+00:00", "level": null, "name": "src.seeding.components.provider_coordinator", "message": "  - Max properties per node: 50"}
{"timestamp": "2025-06-03T22:56:17.263950+00:00", "level": null, "name": "src.seeding.components.provider_coordinator", "message": "  - Relationship normalization: True"}
{"timestamp": "2025-06-03T22:56:17.264377+00:00", "level": null, "name": "src.services.embeddings_gemini", "message": "Initialized GeminiEmbeddingsService with model: models/text-embedding-004"}
{"timestamp": "2025-06-03T22:56:17.264587+00:00", "level": null, "name": "src.seeding.components.provider_coordinator", "message": "All providers initialized successfully"}
{"timestamp": "2025-06-03T22:56:17.264835+00:00", "level": null, "name": "src.seeding.orchestrator", "message": "\u2713 All pipeline components initialized successfully"}
{"timestamp": "2025-06-03T22:56:17.303494+00:00", "level": null, "name": "src.core.feature_flags", "message": "Feature flag ENABLE_SCHEMALESS_EXTRACTION set to True"}
{"timestamp": "2025-06-03T22:56:17.303850+00:00", "level": null, "name": "src.core.feature_flags", "message": "Feature flag ENABLE_TIMESTAMP_INJECTION set to True"}
{"timestamp": "2025-06-03T22:56:17.304043+00:00", "level": null, "name": "src.core.feature_flags", "message": "Feature flag ENABLE_SPEAKER_INJECTION set to True"}
{"timestamp": "2025-06-03T22:56:17.304229+00:00", "level": null, "name": "src.core.feature_flags", "message": "Feature flag ENABLE_QUOTE_POSTPROCESSING set to True"}
{"timestamp": "2025-06-03T22:56:17.304390+00:00", "level": null, "name": "src.core.feature_flags", "message": "Feature flag ENABLE_METADATA_ENRICHMENT set to True"}
{"timestamp": "2025-06-03T22:56:17.304568+00:00", "level": null, "name": "src.core.feature_flags", "message": "Feature flag ENABLE_ENTITY_RESOLUTION_POSTPROCESS set to True"}
{"timestamp": "2025-06-03T22:56:17.304805+00:00", "level": null, "name": "src.utils.resources", "message": "Initialized checkpoint manager at: test_checkpoints"}
{"timestamp": "2025-06-03T22:56:17.305111+00:00", "level": null, "name": "src.seeding.checkpoint", "message": "Initialized enhanced checkpoint manager at: test_checkpoints (mode: fixed)"}
{"timestamp": "2025-06-03T22:56:17.305301+00:00", "level": null, "name": "src.seeding.components.checkpoint_manager", "message": "Initialized checkpoint manager (mode: fixed)"}
{"timestamp": "2025-06-03T22:56:17.312948+00:00", "level": null, "name": "src.seeding.components.signal_manager", "message": "Signal handlers configured for graceful shutdown"}
{"timestamp": "2025-06-03T22:56:17.313587+00:00", "level": null, "name": "src.seeding.components.provider_coordinator", "message": "Initializing pipeline services..."}
{"timestamp": "2025-06-03T22:56:17.313763+00:00", "level": null, "name": "src.seeding.components.provider_coordinator", "message": "\ud83d\udd04 Initializing services in SCHEMALESS extraction mode"}
{"timestamp": "2025-06-03T22:56:17.313903+00:00", "level": null, "name": "src.seeding.components.provider_coordinator", "message": "  - Entity resolution threshold: 0.85"}
{"timestamp": "2025-06-03T22:56:17.314020+00:00", "level": null, "name": "src.seeding.components.provider_coordinator", "message": "  - Max properties per node: 50"}
{"timestamp": "2025-06-03T22:56:17.314151+00:00", "level": null, "name": "src.seeding.components.provider_coordinator", "message": "  - Relationship normalization: True"}
{"timestamp": "2025-06-03T22:56:17.314638+00:00", "level": null, "name": "src.services.embeddings_gemini", "message": "Initialized GeminiEmbeddingsService with model: models/text-embedding-004"}
{"timestamp": "2025-06-03T22:56:17.314948+00:00", "level": null, "name": "src.seeding.components.provider_coordinator", "message": "All providers initialized successfully"}
{"timestamp": "2025-06-03T22:56:17.315832+00:00", "level": null, "name": "src.seeding.orchestrator", "message": "\u2713 All pipeline components initialized successfully"}
PASSED
tests/test_smoke.py::TestDataLoading::test_load_sample_transcripts PASSED
tests/test_smoke.py::TestDataLoading::test_transcript_structure PASSED
tests/test_smoke.py::TestDataLoading::test_segment_structure PASSED
tests/test_smoke.py::TestEdgeCases::test_empty_transcript PASSED
tests/test_smoke.py::TestEdgeCases::test_foreign_language PASSED
tests/test_smoke.py::TestEdgeCases::test_technical_jargon PASSED
tests/test_smoke.py::TestEdgeCases::test_advertisement_detection PASSED
tests/test_smoke.py::TestConfiguration::test_config_structure PASSED
tests/test_smoke.py::TestConfiguration::test_config_validation PASSED
tests/test_smoke.py::TestSuccessCriteria::test_success_criteria_defined PASSED
tests/test_smoke.py::TestEndToEnd::test_process_simple_podcast SKIPPED
tests/api/test_health.py::TestHealthChecker::test_neo4j_healthy PASSED
tests/api/test_health.py::TestHealthChecker::test_neo4j_unhealthy PASSED
tests/api/test_health.py::TestHealthChecker::test_system_resources_healthy PASSED
tests/api/test_health.py::TestHealthChecker::test_system_resources_unhealthy PASSED
tests/api/test_health.py::TestHealthChecker::test_check_health_all_healthy PASSED
tests/api/test_health.py::TestHealthChecker::test_check_readiness PASSED
tests/api/test_health.py::TestHealthChecker::test_check_liveness PASSED
tests/api/test_health.py::TestModuleFunctions::test_health_check PASSED
tests/api/test_health.py::TestModuleFunctions::test_readiness_check PASSED
tests/api/test_health.py::TestModuleFunctions::test_liveness_check PASSED
tests/api/test_v1_api.py::TestAPIVersioning::test_get_api_version PASSED
tests/api/test_v1_api.py::TestAPIVersioning::test_check_api_compatibility_exact PASSED
tests/api/test_v1_api.py::TestAPIVersioning::test_check_api_compatibility_minor PASSED
tests/api/test_v1_api.py::TestAPIVersioning::test_deprecated_decorator PASSED
tests/api/test_v1_api.py::TestAPIVersioning::test_api_version_check_decorator PASSED
tests/api/test_v1_api.py::TestAPIPipeline::test_pipeline_initialization PASSED
tests/api/test_v1_api.py::TestAPIPipeline::test_seed_podcast_v1_response {"timestamp": "2025-06-03T22:56:17.707321+00:00", "level": null, "name": "src.utils.resources", "message": "Initialized checkpoint manager at: checkpoints"}
{"timestamp": "2025-06-03T22:56:17.708656+00:00", "level": null, "name": "src.seeding.checkpoint", "message": "Initialized enhanced checkpoint manager at: checkpoints (mode: fixed)"}
{"timestamp": "2025-06-03T22:56:17.709503+00:00", "level": null, "name": "src.seeding.components.checkpoint_manager", "message": "Initialized checkpoint manager (mode: fixed)"}
{"timestamp": "2025-06-03T22:56:17.710310+00:00", "level": null, "name": "src.seeding.components.signal_manager", "message": "Signal handlers configured for graceful shutdown"}
PASSED
tests/api/test_v1_api.py::TestAPIPipeline::test_seed_podcasts_v1_response {"timestamp": "2025-06-03T22:56:17.723951+00:00", "level": null, "name": "src.utils.resources", "message": "Initialized checkpoint manager at: checkpoints"}
{"timestamp": "2025-06-03T22:56:17.725387+00:00", "level": null, "name": "src.seeding.checkpoint", "message": "Initialized enhanced checkpoint manager at: checkpoints (mode: fixed)"}
{"timestamp": "2025-06-03T22:56:17.726047+00:00", "level": null, "name": "src.seeding.components.checkpoint_manager", "message": "Initialized checkpoint manager (mode: fixed)"}
{"timestamp": "2025-06-03T22:56:17.726971+00:00", "level": null, "name": "src.seeding.components.signal_manager", "message": "Signal handlers configured for graceful shutdown"}
PASSED
tests/api/test_v1_api.py::TestAPIPipeline::test_deprecated_method {"timestamp": "2025-06-03T22:56:17.735869+00:00", "level": null, "name": "src.utils.resources", "message": "Initialized checkpoint manager at: checkpoints"}
{"timestamp": "2025-06-03T22:56:17.736856+00:00", "level": null, "name": "src.seeding.checkpoint", "message": "Initialized enhanced checkpoint manager at: checkpoints (mode: fixed)"}
{"timestamp": "2025-06-03T22:56:17.737430+00:00", "level": null, "name": "src.seeding.components.checkpoint_manager", "message": "Initialized checkpoint manager (mode: fixed)"}
{"timestamp": "2025-06-03T22:56:17.738016+00:00", "level": null, "name": "src.seeding.components.signal_manager", "message": "Signal handlers configured for graceful shutdown"}
PASSED
tests/api/test_v1_api.py::TestAPIFunctions::test_seed_podcast_function PASSED
tests/api/test_v1_api.py::TestAPIFunctions::test_seed_podcasts_function PASSED
tests/api/test_v1_api.py::TestAPIFunctions::test_function_with_custom_config PASSED
tests/api/test_v1_api.py::TestAPIFunctions::test_function_cleanup_on_error PASSED
tests/api/test_v1_api.py::TestAPIFunctions::test_forward_compatibility_kwargs PASSED
tests/e2e/test_critical_path.py::TestCriticalPath::test_vtt_to_knowledge_graph_flow FAILED/home/sergeblumenfeld/podcastknowledge/seeding_pipeline/venv/lib/python3.11/site-packages/coverage/report_core.py:110: CoverageWarning: Couldn't parse Python file '/home/sergeblumenfeld/podcastknowledge/seeding_pipeline/src/utils/feature_flag_utils.py' (couldnt-parse)
  coverage._warn(msg, slug="couldnt-parse")


=================================== FAILURES ===================================
______________ TestCriticalPath.test_vtt_to_knowledge_graph_flow _______________
tests/e2e/test_critical_path.py:108: in test_vtt_to_knowledge_graph_flow
    extractor = KnowledgeExtractor(config=ExtractionConfig())
E   TypeError: KnowledgeExtractor.__init__() missing 1 required positional argument: 'llm_service'
=============================== warnings summary ===============================
venv/lib/python3.11/site-packages/pythonjsonlogger/jsonlogger.py:11
  /home/sergeblumenfeld/podcastknowledge/seeding_pipeline/venv/lib/python3.11/site-packages/pythonjsonlogger/jsonlogger.py:11: DeprecationWarning: pythonjsonlogger.jsonlogger has been moved to pythonjsonlogger.json
    warnings.warn(

-- Docs: https://docs.pytest.org/en/stable/how-to/capture-warnings.html

---------- coverage: platform linux, python 3.11.2-final-0 -----------
Name                                             Stmts   Miss Branch BrPart   Cover   Missing
---------------------------------------------------------------------------------------------
src/api/app.py                                      75     75      8      0   0.00%   3-161
src/api/health.py                                   94     38      6      0  56.00%   68-69, 93-94, 157-159, 189-229
src/api/metrics.py                                 253    146     52      1  37.38%   19-21, 55-57, 61-62, 76-78, 82-84, 88-89, 116-122, 137-146, 152-158, 312-314, 321-397, 401, 431->433, 438-469, 474-503, 509-539
src/api/metrics_integration.py                      82     82     10      0   0.00%   8-201
src/api/v1/podcast_api.py                           30      7      4      0  67.65%   22-29
src/api/v1/seeding.py                               33      3      0      0  90.91%   26, 38, 79
src/cli/cli.py                                     350    183    118     22  45.51%   65-130, 139-174, 183-210, 219-266, 275-276, 288-292, 310-312, 316->315, 334, 338, 349, 353-354, 369, 379-380, 383-384, 393-394, 410-412, 429-432, 436-440, 466-482, 493-494, 499-504, 520-521, 533-534, 548-553, 565-566, 570-573, 580, 583-584, 592-593, 598-603
src/core/config.py                                 174     63     50     13  56.25%   18-19, 24-26, 102->104, 104->106, 106->110, 118, 120, 124, 126, 128, 132, 134, 136, 146-147, 150, 157-166, 171-185, 226->230, 234, 247, 255-278, 300-322, 328, 337
src/core/env_config.py                              55     55     14      0   0.00%   8-192
src/core/exceptions.py                              98     53     30      0  35.16%   33-36, 40-43, 55, 72, 89, 101, 118, 136-142, 160-163, 174, 192, 210-214, 232-238, 256-260, 278-284, 306, 322, 338
src/core/extraction_interface.py                    90      7      0      0  92.22%   131, 143, 155, 170, 189, 198, 207
src/core/feature_flags.py                           79     33     14      1  52.69%   45, 114-135, 146, 158-166, 170-171, 196, 217, 234-242
src/core/interfaces.py                              72     14      0      0  80.56%   27, 111, 130, 139, 160, 173, 182, 191, 208, 220, 229, 273, 285, 297
src/core/models.py                                 246     36     20      0  78.95%   87, 136, 183, 237, 275, 308, 343, 372, 393, 425, 443-450, 455-462, 467-476
src/core/plugin_discovery.py                        89     89     20      0   0.00%   3-277
src/extraction/complexity_analysis.py              248    199    102      0  14.00%   60-87, 104-172, 185-202, 222-275, 295-317, 332-367, 396-437, 459-500, 515-569, 598-653, 668-703
src/extraction/entity_resolution.py                331    259    160      0  14.66%   125-143, 157-161, 174-192, 197-310, 327-342, 356-391, 395-434, 448-468, 472-498, 503-535, 546-554, 559-586, 590-597, 602-611, 615-619, 624-647, 651, 661-674, 724-757, 762-773, 780-797, 804-814
src/extraction/extraction.py                       302    163    122     12  39.39%   89, 169, 174-175, 189->194, 212->224, 220-222, 248-271, 274->307, 276->291, 292, 350-380, 393-394, 406-425, 438-501, 514->513, 533->528, 549-560, 564, 569-570, 574-580, 584-604, 616->611, 624-635, 640-672, 690-720, 733-792, 805-856, 869-891, 906-907, 921-922
src/extraction/importance_scoring.py               262    242    130      0   5.10%   48-50, 67-85, 102-135, 152-181, 198-244, 266-335, 359-405, 423-485, 500-615, 625-630, 642, 655-693
src/extraction/parsers.py                          256    216     92      0  11.49%   28-31, 44, 61-107, 112-133, 143-164, 174-195, 204-234, 242-272, 280-314, 325-352, 357-374, 379-399, 404-432, 437-458, 462-474, 478-488, 492-501, 510-539, 544-554, 559-580
src/extraction/preprocessor.py                     194    148     84      0  16.55%   59-86, 118-179, 198-215, 227-234, 247-260, 274-282, 295-304, 308-312, 316-327, 340-349, 362-408, 421, 437-482, 494-522, 542-554
src/extraction/prompts.py                          157    111     32      0  24.34%   33-40, 53-55, 59-316, 320-322, 326-328, 337-344, 349-350, 354-355, 364-369, 378-389, 393-394, 411-433, 437, 441-443, 447, 457-464, 469-474, 478, 488-499, 503-519, 523-540, 544-546, 550, 554-558, 562, 587-639
src/processing/adapters/schemaless_adapter.py       85     85      8      0   0.00%   8-256
src/processing/episode_flow.py                     479    420    248      0   8.12%   41-79, 83-91, 101-114, 118-132, 141-158, 175-211, 219-239, 249-270, 279-297, 315-350, 360-388, 392-401, 405-427, 444-472, 477-488, 492-500, 504-512, 517-527, 532-543, 547-558, 575-591, 595-602, 611-629, 633-648, 652-664, 668-685, 697-726, 731-738, 744-748, 765-796, 805-809, 817-832, 836-850, 854-862, 874-884, 888-895, 899-903, 907-916, 920-927, 931-939, 943-959, 963-986, 998-1045, 1050-1058, 1062-1072, 1089-1133, 1138-1146, 1150-1157
src/processing/metrics.py                          162    117     38      0  22.50%   57-74, 98-142, 171-212, 239-290, 315-367, 397-431, 442-467, 471-482, 486
src/processing/segmentation.py                      85     63     30      0  19.13%   50-63, 77-93, 108-134, 146-158, 175-212, 229-261
src/seeding/batch_processor.py                     270    220     82      0  14.20%   59-83, 100-126, 130-148, 152-161, 167-200, 206-223, 235-286, 290-313, 317-326, 331-359, 363-388, 396-410, 418-421, 433-437, 449-452, 456-462, 466-469, 473, 477-496, 512-524, 542-573
src/seeding/checkpoint.py                          373    300    134      0  14.79%   46, 125-129, 137-208, 216-228, 244-248, 255-300, 313-323, 334-361, 369-408, 419-441, 449-494, 506-538, 550-578, 591-618, 626-633, 648-681, 689-704, 708-716, 727-751, 763-779, 787-810, 821-848
src/seeding/checkpoint_compatibility.py            118    118     32      0   0.00%   8-285
src/seeding/components/checkpoint_manager.py        34     12      0      0  64.71%   46-47, 59-60, 75, 89, 97, 105, 114, 122, 133, 141
src/seeding/components/pipeline_executor.py        104     74     16      0  25.00%   60-90, 102-113, 131-197, 216-310, 322, 332, 347-361, 380-383
src/seeding/components/provider_coordinator.py      56     11      6      2  75.81%   66, 95, 114-116, 120-127
src/seeding/components/signal_manager.py            34     14      6      0  50.00%   41-51, 55-60, 69
src/seeding/concurrency.py                          58     58     12      0   0.00%   7-152
src/seeding/orchestrator.py                        143     68     34      4  44.63%   92-94, 109, 145-147, 151-158, 176-185, 202-301, 309-316, 333-334, 339, 370-372
src/seeding/transcript_ingestion.py                159    118     42      0  20.40%   33-36, 48-50, 66-82, 93-124, 135-139, 151-159, 170-177, 191-223, 242-250, 281-310, 321-328, 339-344, 355-362, 373, 390-392, 407-440
src/services/embeddings.py                          18     10      8      0  30.77%   18-33
src/services/embeddings_backup.py                   87     87     22      0   0.00%   3-218
src/services/embeddings_gemini.py                  111     87     40      1  16.56%   28, 54-56, 71-118, 133-215, 223, 246-257, 272-281, 289
src/services/llm.py                                 64     45     16      1  25.00%   25, 54-69, 84-113, 127-170, 181, 189
src/storage/graph_storage.py                       134    101     30      2  21.34%   29, 31, 48-64, 68-76, 80-86, 91-99, 111-134, 146-176, 192-206, 223-273, 277-289, 297-305
src/storage/storage_coordinator.py                  81     59     28      0  20.18%   40-71, 79, 96-112, 121, 135-148, 162-165, 179, 188-218, 231-232, 246-250, 267-302, 324-333
src/utils/component_tracker.py                     199     48     52      9  67.73%   161, 171, 177, 198, 218, 226, 234, 246-280, 284-301, 355, 359-360, 364-365, 401, 403-404, 419-420, 426, 436-437
src/utils/debugging.py                             179    124     52      0  23.81%   47, 61, 78-108, 112-130, 134-159, 180-220, 239-257, 265, 314-330, 348-388, 396, 416-421, 427-435, 442, 449, 455-464, 471
src/utils/deprecation.py                            67     67     20      0   0.00%   7-240
src/utils/error_handling.py                        104    104     24      0   0.00%   8-296
src/utils/logging.py                               127     81     34      4  31.06%   25-26, 37, 42, 47-50, 59-92, 104-105, 110-121, 141, 144->148, 153-156, 175-179, 198-245, 261-270, 288-298, 308-333, 340
src/utils/memory.py                                 51     37      6      0  24.56%   17-18, 27-36, 49-52, 56-59, 63-80, 84-94, 98-99, 103
src/utils/naming_guidelines.py                      36     36      8      0   0.00%   9-237
src/utils/patterns.py                              119     64     42      1  36.02%   168->176, 171-174, 180-183, 187-190, 202-212, 224-238, 251-269, 281-327, 342-343, 357-369, 373, 377-379, 397-407
src/utils/performance_decorator.py                 124    124     32      0   0.00%   7-280
src/utils/performance_profiling.py                 175    175     44      0   0.00%   7-443
src/utils/rate_limiting.py                         143    106     52      0  18.97%   42-47, 51-52, 56-59, 67-68, 72-73, 83-86, 119-149, 153-165, 169-170, 174-212, 217-228, 232, 250-255, 259-262, 266-267, 271-273, 281-283, 287-288, 303, 307, 314-315, 319-320, 324
src/utils/resources.py                             257    202     48      0  18.03%   17-19, 28-31, 49-56, 72-75, 86-97, 108-119, 124-129, 133, 137, 154-164, 179-186, 218-237, 251-266, 274-284, 292-299, 307-316, 333-338, 347-360, 368-376, 380-383, 392-396, 400-401, 416-418, 426-429, 433-440, 444, 448, 462-482, 491-528, 542-573
src/utils/retry.py                                 210    166     56      0  16.54%   23-25, 29-31, 35, 74-103, 130-173, 181-196, 219-225, 230-235, 239-248, 252-255, 259-267, 271-274, 300-325, 338-341, 352-365, 369-375, 411-442
src/utils/text_processing.py                       144    126     62      0   8.74%   25-34, 46-54, 66-80, 94-104, 116-147, 167-181, 193-215, 227-255, 267-282, 294-312, 324-364, 377-409
src/utils/validation.py                            173    153     70      0   8.23%   23-29, 41-73, 86-97, 118-122, 136-201, 212-268, 279-318, 329-372, 380, 394-402, 414-422, 434-438
src/vtt/vtt_parser.py                              144     51     42      8  59.68%   57, 62-63, 81, 118-119, 141->109, 158-161, 180, 199-207, 223, 261-316, 330-336
src/vtt/vtt_segmentation.py                         86     65     30      0  18.10%   48-59, 73-89, 104-131, 144-159, 176-216, 233-265
---------------------------------------------------------------------------------------------
TOTAL                                             8621   6018   2574     81  24.64%

2 files skipped due to complete coverage.
Coverage HTML written to dir htmlcov
Coverage XML written to file coverage.xml

=========================== short test summary info ============================
SKIPPED [1] tests/test_smoke.py: Implementation not yet available
FAILED tests/e2e/test_critical_path.py::TestCriticalPath::test_vtt_to_knowledge_graph_flow
!!!!!!!!!!!!!!!!!!!!!!!!!! stopping after 1 failures !!!!!!!!!!!!!!!!!!!!!!!!!!!
============= 1 failed, 52 passed, 1 skipped, 1 warning in 28.56s ==============
