============================= test session starts ==============================
platform linux -- Python 3.11.2, pytest-7.4.3, pluggy-1.6.0 -- /home/sergeblumenfeld/podcastknowledge/seeding_pipeline/venv/bin/python
cachedir: .pytest_cache
rootdir: /home/sergeblumenfeld/podcastknowledge/seeding_pipeline
configfile: pyproject.toml
testpaths: tests
plugins: anyio-3.7.1, mock-3.12.0, cov-4.1.0, asyncio-0.21.1, xdist-3.5.0, timeout-2.2.0
asyncio: mode=Mode.STRICT
collecting ... collected 1047 items

tests/test_cli.py::TestCLI::test_load_podcast_configs_single PASSED      [  0%]
tests/test_cli.py::TestCLI::test_load_podcast_configs_multiple PASSED    [  0%]
tests/test_cli.py::TestCLI::test_load_podcast_configs_missing_rss_url PASSED [  0%]
tests/test_cli.py::TestCLI::test_seed_podcasts_with_rss_url FAILED       [  0%]
tests/test_cli.py::TestCLI::test_seed_podcasts_with_config_file FAILED   [  0%]
tests/test_cli.py::TestCLI::test_seed_podcasts_all_failed FAILED         [  0%]
tests/test_cli.py::TestCLI::test_health_check_success FAILED             [  0%]
tests/test_cli.py::TestCLI::test_health_check_failure FAILED             [  0%]
tests/test_cli.py::TestCLI::test_validate_config_success FAILED          [  0%]
tests/test_cli.py::TestCLI::test_validate_config_failure FAILED          [  0%]
tests/test_cli.py::TestCLI::test_main_help PASSED                        [  1%]
tests/test_cli.py::TestCLI::test_main_seed_command FAILED                [  1%]
tests/test_cli.py::TestCLI::test_main_health_command FAILED              [  1%]
tests/test_cli.py::TestCLI::test_main_no_command FAILED                  [  1%]
tests/test_component_baselines.py::TestComponentBaselines::test_run_raw_baseline ERROR [  1%]
tests/test_component_baselines.py::TestComponentBaselines::test_component_impact_tracking ERROR [  1%]
tests/test_component_baselines.py::TestComponentBaselines::test_compare_baselines ERROR [  1%]
tests/test_component_baselines.py::TestComponentBaselines::test_all_baselines ERROR [  1%]
tests/test_smoke.py::TestDataLoading::test_load_sample_transcripts PASSED [  1%]
tests/test_smoke.py::TestDataLoading::test_transcript_structure PASSED   [  1%]
tests/test_smoke.py::TestDataLoading::test_segment_structure PASSED      [  2%]
tests/test_smoke.py::TestEdgeCases::test_empty_transcript PASSED         [  2%]
tests/test_smoke.py::TestEdgeCases::test_foreign_language PASSED         [  2%]
tests/test_smoke.py::TestEdgeCases::test_technical_jargon PASSED         [  2%]
tests/test_smoke.py::TestEdgeCases::test_advertisement_detection PASSED  [  2%]
tests/test_smoke.py::TestConfiguration::test_config_structure PASSED     [  2%]
tests/test_smoke.py::TestConfiguration::test_config_validation PASSED    [  2%]
tests/test_smoke.py::TestSuccessCriteria::test_success_criteria_defined PASSED [  2%]
tests/test_smoke.py::TestEndToEnd::test_process_simple_podcast SKIPPED   [  2%]
tests/api/test_health.py::TestHealthChecker::test_neo4j_healthy ERROR    [  2%]
tests/api/test_health.py::TestHealthChecker::test_neo4j_unhealthy ERROR  [  2%]
tests/api/test_health.py::TestHealthChecker::test_redis_healthy ERROR    [  3%]
tests/api/test_health.py::TestHealthChecker::test_redis_degraded ERROR   [  3%]
tests/api/test_health.py::TestHealthChecker::test_system_resources_healthy ERROR [  3%]
tests/api/test_health.py::TestHealthChecker::test_system_resources_degraded ERROR [  3%]
tests/api/test_health.py::TestHealthChecker::test_system_resources_unhealthy ERROR [  3%]
tests/api/test_health.py::TestHealthChecker::test_check_health_all_healthy ERROR [  3%]
tests/api/test_health.py::TestHealthChecker::test_check_health_degraded ERROR [  3%]
tests/api/test_health.py::TestHealthChecker::test_check_readiness ERROR  [  3%]
tests/api/test_health.py::TestHealthChecker::test_check_liveness ERROR   [  3%]
tests/api/test_health.py::TestModuleFunctions::test_health_check PASSED  [  3%]
tests/api/test_health.py::TestModuleFunctions::test_readiness_check PASSED [  4%]
tests/api/test_health.py::TestModuleFunctions::test_liveness_check PASSED [  4%]
tests/api/test_v1_api.py::TestAPIVersioning::test_get_api_version PASSED [  4%]
tests/api/test_v1_api.py::TestAPIVersioning::test_check_api_compatibility_exact PASSED [  4%]
tests/api/test_v1_api.py::TestAPIVersioning::test_check_api_compatibility_minor FAILED [  4%]
tests/api/test_v1_api.py::TestAPIVersioning::test_deprecated_decorator PASSED [  4%]
tests/api/test_v1_api.py::TestAPIVersioning::test_api_version_check_decorator FAILED [  4%]
tests/api/test_v1_api.py::TestAPIPipeline::test_pipeline_initialization FAILED [  4%]
tests/api/test_v1_api.py::TestAPIPipeline::test_seed_podcast_v1_response FAILED [  4%]
tests/api/test_v1_api.py::TestAPIPipeline::test_seed_podcasts_v1_response FAILED [  4%]
tests/api/test_v1_api.py::TestAPIPipeline::test_deprecated_method FAILED [  4%]
tests/api/test_v1_api.py::TestAPIFunctions::test_seed_podcast_function FAILED [  5%]
tests/api/test_v1_api.py::TestAPIFunctions::test_seed_podcasts_function FAILED [  5%]
tests/api/test_v1_api.py::TestAPIFunctions::test_function_with_custom_config FAILED [  5%]
tests/api/test_v1_api.py::TestAPIFunctions::test_function_cleanup_on_error FAILED [  5%]
tests/api/test_v1_api.py::TestAPIFunctions::test_forward_compatibility_kwargs FAILED [  5%]
tests/e2e/test_critical_path.py::TestCriticalPath::test_vtt_to_knowledge_graph_flow ERROR [  5%]
tests/e2e/test_critical_path.py::TestCriticalPath::test_pipeline_with_empty_vtt PASSED [  5%]
tests/e2e/test_critical_path.py::TestCriticalPath::test_pipeline_with_extraction_failure ERROR [  5%]
tests/e2e/test_critical_path.py::TestCriticalPath::test_pipeline_with_storage_failure ERROR [  5%]
tests/e2e/test_e2e_scenarios.py::TestE2EScenarios::test_scenario_new_user_first_podcast ERROR [  5%]
tests/e2e/test_e2e_scenarios.py::TestE2EScenarios::test_scenario_batch_import_multiple_podcasts ERROR [  6%]
tests/e2e/test_e2e_scenarios.py::TestE2EScenarios::test_scenario_interrupted_processing_recovery ERROR [  6%]
tests/e2e/test_e2e_scenarios.py::TestE2EScenarios::test_scenario_error_handling_partial_success ERROR [  6%]
tests/e2e/test_e2e_scenarios.py::TestE2EScenarios::test_scenario_large_podcast_memory_efficiency ERROR [  6%]
tests/e2e/test_e2e_scenarios.py::TestE2EScenarios::test_scenario_concurrent_users ERROR [  6%]
tests/e2e/test_e2e_scenarios.py::TestE2EScenarios::test_scenario_api_migration ERROR [  6%]
tests/e2e/test_e2e_scenarios.py::TestE2EScenarios::test_scenario_real_world_podcast ERROR [  6%]
tests/e2e/test_vtt_pipeline_e2e.py::TestVTTPipelineE2E::test_vtt_file_processing ERROR [  6%]
tests/e2e/test_vtt_pipeline_e2e.py::TestVTTPipelineE2E::test_knowledge_extraction ERROR [  6%]
tests/e2e/test_vtt_pipeline_e2e.py::TestVTTPipelineE2E::test_multiple_episodes ERROR [  6%]
tests/integration/test_batch_processing_core.py::TestBatchProcessingCore::test_process_multiple_files PASSED [  6%]
tests/integration/test_batch_processing_core.py::TestBatchProcessingCore::test_checkpoint_recovery FAILED [  7%]
tests/integration/test_batch_processing_core.py::TestBatchProcessingCore::test_duplicate_file_handling PASSED [  7%]
tests/integration/test_batch_processing_core.py::TestBatchProcessingCore::test_concurrent_processing PASSED [  7%]
tests/integration/test_batch_processing_core.py::TestBatchProcessingCore::test_batch_size_handling PASSED [  7%]
tests/integration/test_batch_processing_core.py::TestBatchProcessingCore::test_memory_limit_enforcement PASSED [  7%]
tests/integration/test_batch_processing_core.py::TestBatchProcessingCore::test_progress_callback FAILED [  7%]
tests/integration/test_batch_processing_core.py::TestBatchProcessingCore::test_error_handling_per_item PASSED [  7%]
tests/integration/test_batch_processing_core.py::TestBatchProcessingCore::test_batch_performance_tracking FAILED [  7%]
tests/integration/test_batch_processing_core.py::TestBatchProcessingCore::test_schema_discovery_tracking FAILED [  7%]
tests/integration/test_checkpoint_recovery.py::TestCheckpointRecovery::test_checkpoint_creation_and_recovery FAILED [  7%]
tests/integration/test_checkpoint_recovery.py::TestCheckpointRecovery::test_checkpoint_resume_interrupted_processing FAILED [  8%]
tests/integration/test_checkpoint_recovery.py::TestCheckpointRecovery::test_checkpoint_compatibility_between_modes FAILED [  8%]
tests/integration/test_checkpoint_recovery.py::TestCheckpointRecovery::test_checkpoint_distributed_locking FAILED [  8%]
tests/integration/test_checkpoint_recovery.py::TestCheckpointRecovery::test_checkpoint_version_migration FAILED [  8%]
tests/integration/test_checkpoint_recovery.py::TestCheckpointRecovery::test_checkpoint_schema_discovery_tracking FAILED [  8%]
tests/integration/test_checkpoint_recovery.py::TestCheckpointRecovery::test_checkpoint_corruption_recovery FAILED [  8%]
tests/integration/test_checkpoint_recovery.py::TestCheckpointRecovery::test_checkpoint_cleanup_old_files PASSED [  8%]
tests/integration/test_cli_commands.py::TestCLICommands::test_seed_command_single_podcast FAILED [  8%]
tests/integration/test_cli_commands.py::TestCLICommands::test_seed_command_schemaless_mode FAILED [  8%]
tests/integration/test_cli_commands.py::TestCLICommands::test_seed_command_migration_mode FAILED [  8%]
tests/integration/test_cli_commands.py::TestCLICommands::test_seed_command_podcast_config_file FAILED [  8%]
tests/integration/test_cli_commands.py::TestCLICommands::test_seed_command_with_custom_config FAILED [  9%]
tests/integration/test_cli_commands.py::TestCLICommands::test_seed_command_large_context_flag FAILED [  9%]
tests/integration/test_cli_commands.py::TestCLICommands::test_health_command FAILED [  9%]
tests/integration/test_cli_commands.py::TestCLICommands::test_health_command_with_large_context FAILED [  9%]
tests/integration/test_cli_commands.py::TestCLICommands::test_health_command_failure FAILED [  9%]
tests/integration/test_cli_commands.py::TestCLICommands::test_validate_config_command FAILED [  9%]
tests/integration/test_cli_commands.py::TestCLICommands::test_validate_config_invalid_file FAILED [  9%]
tests/integration/test_cli_commands.py::TestCLICommands::test_schema_stats_command FAILED [  9%]
tests/integration/test_cli_commands.py::TestCLICommands::test_schema_stats_no_data FAILED [  9%]
tests/integration/test_cli_commands.py::TestCLICommands::test_flag_validation_migration_mode_conflict FAILED [  9%]
tests/integration/test_cli_commands.py::TestCLICommands::test_flag_validation_schema_discovery_conflict FAILED [ 10%]
tests/integration/test_cli_commands.py::TestCLICommands::test_verbose_flag FAILED [ 10%]
tests/integration/test_cli_commands.py::TestCLICommands::test_no_command_shows_help FAILED [ 10%]
tests/integration/test_comprehensive_extraction_modes.py::TestExtractionModes::test_fixed_schema_extraction_end_to_end FAILED [ 10%]
tests/integration/test_comprehensive_extraction_modes.py::TestExtractionModes::test_schemaless_extraction_end_to_end FAILED [ 10%]
tests/integration/test_comprehensive_extraction_modes.py::TestExtractionModes::test_dual_mode_migration_extraction FAILED [ 10%]
tests/integration/test_e2e_critical_path.py::TestE2ECriticalPath::test_vtt_to_neo4j_pipeline ERROR [ 10%]
tests/integration/test_e2e_critical_path.py::TestE2ECriticalPath::test_batch_processing ERROR [ 10%]
tests/integration/test_e2e_critical_path.py::TestE2ECriticalPath::test_batch_with_failures ERROR [ 10%]
tests/integration/test_e2e_critical_path.py::TestE2ECriticalPath::test_checkpoint_recovery ERROR [ 10%]
tests/integration/test_failure_recovery.py::TestFailureRecovery::test_recover_from_llm_failure ERROR [ 10%]
tests/integration/test_failure_recovery.py::TestFailureRecovery::test_recover_from_neo4j_disconnect PASSED [ 11%]
tests/integration/test_failure_recovery.py::TestFailureRecovery::test_recover_from_corrupt_vtt Exception ignored in: <function DockerContainer.__del__ at 0x7f7513b49d00>
Traceback (most recent call last):
  File "/home/sergeblumenfeld/podcastknowledge/seeding_pipeline/venv/lib/python3.11/site-packages/testcontainers/core/container.py", line 80, in __del__
    if self._container is not None:
       ^^^^^^^^^^^^^^^
AttributeError: 'Neo4jContainer' object has no attribute '_container'
FAILED [ 11%]
tests/integration/test_failure_recovery.py::TestFailureRecovery::test_checkpoint_integrity FAILED [ 11%]
tests/integration/test_failure_recovery.py::TestFailureRecovery::test_partial_batch_failure PASSED [ 11%]
tests/integration/test_failure_recovery.py::TestFailureRecovery::test_cascading_failure_prevention FAILED [ 11%]
tests/integration/test_failure_recovery.py::TestFailureRecovery::test_retry_mechanism FAILED [ 11%]
tests/integration/test_failure_recovery.py::TestFailureRecovery::test_graceful_shutdown_during_processing FAILED [ 11%]
tests/integration/test_failure_recovery.py::TestFailureRecovery::test_checkpoint_recovery_with_schema_evolution FAILED [ 11%]
tests/integration/test_failure_recovery.py::TestFailureRecovery::test_concurrent_failure_handling FAILED [ 11%]
tests/integration/test_golden_outputs.py::TestGoldenOutputs::test_simple_podcast_golden_output SKIPPED [ 11%]
tests/integration/test_golden_outputs.py::TestGoldenOutputs::test_complex_podcast_golden_output SKIPPED [ 12%]
tests/integration/test_golden_outputs.py::TestGoldenOutputs::test_error_handling_golden_output FAILED [ 12%]
tests/integration/test_golden_outputs.py::TestPerformanceRegression::test_processing_speed_regression ERROR [ 12%]
tests/integration/test_golden_outputs.py::TestPerformanceRegression::test_memory_usage_regression ERROR [ 12%]
tests/integration/test_golden_outputs.py::TestEndToEndScenarios::test_full_podcast_processing_flow ERROR [ 12%]
tests/integration/test_golden_outputs.py::TestEndToEndScenarios::test_concurrent_podcast_processing ERROR [ 12%]
tests/integration/test_golden_outputs.py::TestEndToEndScenarios::test_checkpoint_recovery_e2e ERROR [ 12%]
tests/integration/test_golden_outputs_validation.py::TestGoldenOutputs::test_create_golden_output_fixed_schema FAILED [ 12%]
tests/integration/test_golden_outputs_validation.py::TestGoldenOutputs::test_create_golden_output_schemaless FAILED [ 12%]
tests/integration/test_golden_outputs_validation.py::TestGoldenOutputs::test_compare_with_golden_output_fixed_schema SKIPPED [ 12%]
tests/integration/test_golden_outputs_validation.py::TestGoldenOutputs::test_document_expected_entity_types PASSED [ 12%]
tests/integration/test_golden_outputs_validation.py::TestGoldenOutputs::test_migration_mode_golden_output PASSED [ 13%]
tests/integration/test_neo4j_critical_path.py::TestNeo4jCriticalPath::test_store_episode ERROR [ 13%]
tests/integration/test_neo4j_critical_path.py::TestNeo4jCriticalPath::test_store_segments_with_relationships ERROR [ 13%]
tests/integration/test_neo4j_critical_path.py::TestNeo4jCriticalPath::test_handle_duplicate_episodes ERROR [ 13%]
tests/integration/test_neo4j_critical_path.py::TestNeo4jCriticalPath::test_transaction_rollback_on_error ERROR [ 13%]
tests/integration/test_neo4j_critical_path.py::TestNeo4jErrorRecovery::test_storage_connection_failure FAILED [ 13%]
tests/integration/test_neo4j_critical_path.py::TestNeo4jErrorRecovery::test_transaction_rollback ERROR [ 13%]
tests/integration/test_neo4j_critical_path.py::TestNeo4jErrorRecovery::test_timeout_handling ERROR [ 13%]
tests/integration/test_neo4j_critical_path.py::TestNeo4jErrorRecovery::test_connection_retry ERROR [ 13%]
tests/integration/test_neo4j_storage.py::TestNeo4jStorage::test_create_episode_node ERROR [ 13%]
tests/integration/test_neo4j_storage.py::TestNeo4jStorage::test_create_knowledge_nodes ERROR [ 14%]
tests/integration/test_neo4j_storage.py::TestNeo4jStorage::test_create_relationships ERROR [ 14%]
tests/integration/test_neo4j_storage.py::TestNeo4jStorage::test_transaction_rollback Exception ignored in: <function DockerContainer.__del__ at 0x7f7513b49d00>
Traceback (most recent call last):
  File "/home/sergeblumenfeld/podcastknowledge/seeding_pipeline/venv/lib/python3.11/site-packages/testcontainers/core/container.py", line 80, in __del__
    if self._container is not None:
       ^^^^^^^^^^^^^^^
AttributeError: 'Neo4jContainer' object has no attribute '_container'
ERROR [ 14%]
tests/integration/test_neo4j_storage.py::TestNeo4jStorage::test_duplicate_handling ERROR [ 14%]
tests/integration/test_neo4j_storage.py::TestNeo4jStorage::test_query_execution ERROR [ 14%]
tests/integration/test_neo4j_storage.py::TestNeo4jStorage::test_connection_failure FAILED [ 14%]
tests/integration/test_neo4j_storage.py::TestNeo4jStorage::test_session_context_manager ERROR [ 14%]
tests/integration/test_neo4j_storage.py::TestNeo4jStorage::test_process_segment_schemaless ERROR [ 14%]
tests/integration/test_neo4j_storage.py::TestNeo4jStorage::test_setup_schema ERROR [ 14%]
tests/integration/test_neo4j_storage.py::TestNeo4jStorage::test_performance_metrics FAILED [ 14%]
tests/integration/test_orchestrator.py::TestPodcastKnowledgePipeline::test_pipeline_initialization FAILED [ 14%]
tests/integration/test_orchestrator.py::TestPodcastKnowledgePipeline::test_initialize_components FAILED [ 15%]
tests/integration/test_orchestrator.py::TestPodcastKnowledgePipeline::test_component_health_check_failure FAILED [ 15%]
tests/integration/test_orchestrator.py::TestPodcastKnowledgePipeline::test_seed_single_podcast FAILED [ 15%]
tests/integration/test_orchestrator.py::TestPodcastKnowledgePipeline::test_cleanup FAILED [ 15%]
tests/integration/test_orchestrator.py::TestPodcastKnowledgePipeline::test_graceful_shutdown FAILED [ 15%]
tests/integration/test_orchestrator.py::TestPodcastKnowledgePipeline::test_error_handling FAILED [ 15%]
tests/integration/test_orchestrator.py::TestPodcastKnowledgePipeline::test_checkpoint_recovery FAILED [ 15%]
tests/integration/test_orchestrator.py::TestPodcastKnowledgePipeline::test_logging_configuration FAILED [ 15%]
tests/integration/test_orchestrator.py::TestPipelineIntegration::test_full_pipeline_with_mock_data PASSED [ 15%]
tests/integration/test_performance_benchmarks.py::TestPerformanceBenchmarks::test_benchmark_extraction_time_per_episode FAILED [ 15%]
tests/integration/test_performance_benchmarks.py::TestPerformanceBenchmarks::test_benchmark_memory_usage_patterns FAILED [ 16%]
tests/integration/test_performance_benchmarks.py::TestPerformanceBenchmarks::test_benchmark_neo4j_query_performance PASSED [ 16%]
tests/integration/test_performance_benchmarks.py::TestPerformanceBenchmarks::test_create_baseline_metrics_file PASSED [ 16%]
tests/integration/test_signal_handling.py::TestSignalHandling::test_sigint_graceful_shutdown FAILED [ 16%]
tests/integration/test_signal_handling.py::TestSignalHandling::test_sigterm_graceful_shutdown FAILED [ 16%]
tests/integration/test_signal_handling.py::TestSignalHandling::test_resource_cleanup_on_shutdown FAILED [ 16%]
tests/integration/test_signal_handling.py::TestSignalHandling::test_checkpoint_save_on_interrupt FAILED [ 16%]
tests/integration/test_signal_handling.py::TestSignalHandling::test_concurrent_shutdown_safety FAILED [ 16%]
tests/integration/test_signal_handling.py::TestSignalHandling::test_signal_handler_registration PASSED [ 16%]
tests/integration/test_vtt_batch_processing.py::TestVTTBatchProcessing::test_mixed_file_type_processing FAILED [ 16%]
tests/integration/test_vtt_batch_processing.py::TestVTTBatchProcessing::test_parallel_processing_performance FAILED [ 17%]
tests/integration/test_vtt_batch_processing.py::TestVTTBatchProcessing::test_interruption_and_resume PASSED [ 17%]
tests/integration/test_vtt_batch_processing.py::TestVTTBatchProcessing::test_memory_usage_monitoring FAILED [ 17%]
tests/integration/test_vtt_batch_processing.py::TestVTTBatchProcessing::test_concurrent_file_access PASSED [ 17%]
tests/integration/test_vtt_batch_processing.py::TestVTTBatchProcessing::test_processing_timeout_handling PASSED [ 17%]
tests/integration/test_vtt_batch_processing.py::TestVTTBatchProcessing::test_error_recovery_strategies FAILED [ 17%]
tests/integration/test_vtt_batch_processing.py::TestVTTBatchProcessing::test_batch_size_optimization PASSED [ 17%]
tests/integration/test_vtt_batch_processing.py::TestVTTBatchProcessing::test_file_change_detection PASSED [ 17%]
tests/integration/test_vtt_batch_processing.py::TestVTTBatchProcessing::test_resource_cleanup PASSED [ 17%]
tests/integration/test_vtt_e2e.py::TestVTTEndToEnd::test_single_vtt_file_processing ERROR [ 17%]
tests/integration/test_vtt_e2e.py::TestVTTEndToEnd::test_vtt_to_graph_entities ERROR [ 17%]
tests/integration/test_vtt_e2e.py::TestVTTEndToEnd::test_vtt_to_graph_relationships ERROR [ 18%]
tests/integration/test_vtt_e2e.py::TestVTTEndToEnd::test_batch_vtt_processing PASSED [ 18%]
tests/integration/test_vtt_e2e.py::TestVTTEndToEnd::test_checkpoint_integration PASSED [ 18%]
tests/integration/test_vtt_e2e.py::TestVTTEndToEnd::test_error_recovery_in_batch PASSED [ 18%]
tests/integration/test_vtt_e2e.py::TestVTTEndToEnd::test_vtt_metadata_in_graph ERROR [ 18%]
tests/integration/test_vtt_e2e.py::TestVTTEndToEnd::test_speaker_relationships ERROR [ 18%]
tests/integration/test_vtt_e2e.py::TestVTTEndToEnd::test_vtt_processing_statistics PASSED [ 18%]
tests/integration/test_vtt_processing.py::TestVTTProcessing::test_parse_real_vtt_file PASSED [ 18%]
tests/integration/test_vtt_processing.py::TestVTTProcessing::test_parse_corrupt_vtt PASSED [ 18%]
tests/integration/test_vtt_processing.py::TestVTTProcessing::test_parse_empty_vtt PASSED [ 18%]
tests/integration/test_vtt_processing.py::TestVTTProcessing::test_parse_large_vtt PASSED [ 19%]
tests/integration/test_vtt_processing.py::TestVTTProcessing::test_parse_special_characters PASSED [ 19%]
tests/integration/test_vtt_processing.py::TestVTTProcessing::test_parse_multiline_segments PASSED [ 19%]
tests/integration/test_vtt_processing.py::TestKnowledgeExtraction::test_extract_knowledge_from_segment PASSED [ 19%]
tests/integration/test_vtt_processing.py::TestKnowledgeExtraction::test_entity_deduplication FAILED [ 19%]
tests/integration/test_vtt_processing.py::TestKnowledgeExtraction::test_relationship_extraction PASSED [ 19%]
tests/integration/test_vtt_processing.py::TestKnowledgeExtraction::test_empty_segment_handling PASSED [ 19%]
tests/performance/test_baseline_performance.py::TestBaselinePerformance::test_single_file_performance ERROR [ 19%]
tests/performance/test_baseline_performance.py::TestBaselinePerformance::test_batch_performance ERROR [ 19%]
tests/performance/test_baseline_performance.py::TestBaselinePerformance::test_memory_usage_growth ERROR [ 19%]
tests/performance/test_batch_performance.py::TestBatchPerformance::test_batch_performance_baseline ERROR [ 19%]
tests/performance/test_batch_performance.py::TestBatchPerformance::test_memory_usage_growth FAILED [ 20%]
tests/performance/test_batch_performance.py::TestBatchPerformance::test_concurrent_performance_scaling PASSED [ 20%]
tests/performance/test_batch_performance.py::TestBatchPerformance::test_checkpoint_overhead ERROR [ 20%]
tests/performance/test_batch_performance.py::TestBatchPerformance::test_performance_thresholds SKIPPED [ 20%]
tests/performance/test_benchmarks.py::TestPerformanceBenchmarks::test_vtt_parsing_performance PASSED [ 20%]
tests/performance/test_benchmarks.py::TestPerformanceBenchmarks::test_knowledge_extraction_performance PASSED [ 20%]
tests/performance/test_benchmarks.py::TestPerformanceBenchmarks::test_neo4j_writes_performance PASSED [ 20%]
tests/performance/test_benchmarks.py::TestPerformanceBenchmarks::test_total_pipeline_performance PASSED [ 20%]
tests/performance/test_benchmarks.py::TestPerformanceBenchmarks::test_baseline_data_validity PASSED [ 20%]
tests/performance/test_benchmarks.py::TestPerformanceBenchmarks::test_performance_test_file_validity PASSED [ 20%]
tests/performance/test_benchmarks.py::test_performance_benchmark_integration PASSED [ 21%]
tests/performance/test_performance_regression.py::TestPerformanceRegression::test_single_episode_performance FAILED [ 21%]
tests/performance/test_performance_regression.py::TestPerformanceRegression::test_batch_processing_performance FAILED [ 21%]
tests/performance/test_performance_regression.py::TestPerformanceRegression::test_memory_leak_detection PASSED [ 21%]
tests/performance/test_performance_regression.py::TestPerformanceRegression::test_concurrent_performance FAILED [ 21%]
tests/performance/test_performance_regression.py::TestPerformanceRegression::test_scaling_performance PASSED [ 21%]
tests/performance/test_vtt_performance_benchmarks.py::TestVTTPerformanceBenchmarks::test_small_file_processing_benchmark PASSED [ 21%]
tests/performance/test_vtt_performance_benchmarks.py::TestVTTPerformanceBenchmarks::test_large_file_processing_benchmark PASSED [ 21%]
tests/performance/test_vtt_performance_benchmarks.py::TestVTTPerformanceBenchmarks::test_batch_processing_scalability FAILED [ 21%]
tests/performance/test_vtt_performance_benchmarks.py::TestVTTPerformanceBenchmarks::test_memory_usage_patterns PASSED [ 21%]
tests/performance/test_vtt_performance_benchmarks.py::TestVTTPerformanceBenchmarks::test_vtt_parser_performance FAILED [ 21%]
tests/performance/test_vtt_performance_benchmarks.py::TestVTTPerformanceBenchmarks::test_concurrent_processing_performance FAILED [ 22%]
tests/performance/test_vtt_performance_benchmarks.py::TestVTTPerformanceBenchmarks::test_save_benchmark_results PASSED [ 22%]
tests/processing/test_complexity_analysis.py::TestComplexityAnalyzer::test_analyze_vocabulary_complexity_simple PASSED [ 22%]
tests/processing/test_complexity_analysis.py::TestComplexityAnalyzer::test_analyze_vocabulary_complexity_technical PASSED [ 22%]
tests/processing/test_complexity_analysis.py::TestComplexityAnalyzer::test_analyze_vocabulary_complexity_medical FAILED [ 22%]
tests/processing/test_complexity_analysis.py::TestComplexityAnalyzer::test_syllable_counting PASSED [ 22%]
tests/processing/test_complexity_analysis.py::TestComplexityAnalyzer::test_classify_segment_complexity_simple FAILED [ 22%]
tests/processing/test_complexity_analysis.py::TestComplexityAnalyzer::test_classify_segment_complexity_complex ERROR [ 22%]
tests/processing/test_complexity_analysis.py::TestComplexityAnalyzer::test_calculate_episode_complexity FAILED [ 22%]
tests/processing/test_complexity_analysis.py::TestComplexityAnalyzer::test_calculate_information_density ERROR [ 22%]
tests/processing/test_complexity_analysis.py::TestComplexityAnalyzer::test_analyze_segment_transitions PASSED [ 23%]
tests/processing/test_complexity_analysis.py::TestComplexityAnalyzer::test_identify_complexity_patterns FAILED [ 23%]
tests/processing/test_complexity_analysis.py::TestComplexityAnalyzer::test_calculate_accessibility_score ERROR [ 23%]
tests/processing/test_complexity_analysis.py::TestComplexityAnalyzer::test_analyze_content_structure PASSED [ 23%]
tests/processing/test_complexity_analysis.py::TestComplexityAnalyzer::test_empty_text_handling FAILED [ 23%]
tests/processing/test_complexity_analysis.py::TestComplexityAnalyzer::test_edge_cases FAILED [ 23%]
tests/processing/test_entity_resolution.py::TestEntityResolver::test_normalize_entity_name ERROR [ 23%]
tests/processing/test_entity_resolution.py::TestEntityResolver::test_calculate_name_similarity ERROR [ 23%]
tests/processing/test_entity_resolution.py::TestEntityResolver::test_extract_entity_aliases ERROR [ 23%]
tests/processing/test_entity_resolution.py::TestEntityResolver::test_find_potential_matches ERROR [ 23%]
tests/processing/test_entity_resolution.py::TestEntityResolver::test_merge_entities ERROR [ 23%]
tests/processing/test_entity_resolution.py::TestEntityResolver::test_resolve_entities ERROR [ 24%]
tests/processing/test_entity_resolution.py::TestEntityResolver::test_extract_entity_relationships ERROR [ 24%]
tests/processing/test_entity_resolution.py::TestEntityResolver::test_relationship_confidence_calculation ERROR [ 24%]
tests/processing/test_entity_resolution.py::TestVectorEntityMatcher::test_get_entity_embedding ERROR [ 24%]
tests/processing/test_entity_resolution.py::TestVectorEntityMatcher::test_calculate_cosine_similarity ERROR [ 24%]
tests/processing/test_entity_resolution.py::TestVectorEntityMatcher::test_find_similar_entities ERROR [ 24%]
tests/processing/test_entity_resolution.py::TestVectorEntityMatcher::test_cluster_entities ERROR [ 24%]
tests/processing/test_entity_resolution.py::TestVectorEntityMatcher::test_find_cross_type_relationships ERROR [ 24%]
tests/processing/test_entity_resolution.py::TestVectorEntityMatcher::test_merge_entity_clusters ERROR [ 24%]
tests/processing/test_entity_resolution.py::TestVectorEntityMatcher::test_empty_inputs ERROR [ 24%]
tests/processing/test_episode_flow.py::TestEpisodeFlowAnalyzer::test_classify_segment_transitions ERROR [ 25%]
tests/processing/test_episode_flow.py::TestEpisodeFlowAnalyzer::test_track_concept_introductions ERROR [ 25%]
tests/processing/test_episode_flow.py::TestEpisodeFlowAnalyzer::test_map_concept_development ERROR [ 25%]
tests/processing/test_episode_flow.py::TestEpisodeFlowAnalyzer::test_analyze_conversation_momentum ERROR [ 25%]
tests/processing/test_episode_flow.py::TestEpisodeFlowAnalyzer::test_track_topic_depth ERROR [ 25%]
tests/processing/test_episode_flow.py::TestEpisodeFlowAnalyzer::test_detect_circular_references PASSED [ 25%]
tests/processing/test_episode_flow.py::TestEpisodeFlowAnalyzer::test_analyze_concept_resolution ERROR [ 25%]
tests/processing/test_episode_flow.py::TestEpisodeFlowAnalyzer::test_generate_episode_flow_summary PASSED [ 25%]
tests/processing/test_episode_flow.py::TestEpisodeFlowAnalyzer::test_analyze_speaker_contribution_flow ERROR [ 25%]
tests/processing/test_episode_flow.py::TestEpisodeFlowAnalyzer::test_calculate_segment_flow_importance ERROR [ 25%]
tests/processing/test_episode_flow.py::TestEpisodeFlowAnalyzer::test_empty_inputs PASSED [ 25%]
tests/processing/test_episode_flow.py::TestEpisodeFlowAnalyzer::test_single_segment ERROR [ 26%]
tests/processing/test_episode_flow.py::TestEpisodeFlowAnalyzer::test_no_embedding_provider FAILED [ 26%]
tests/processing/test_extraction.py::TestKnowledgeExtractor::test_extract_quotes_basic PASSED [ 26%]
tests/processing/test_extraction.py::TestKnowledgeExtractor::test_extract_quotes_with_patterns PASSED [ 26%]
tests/processing/test_extraction.py::TestKnowledgeExtractor::test_quote_validation PASSED [ 26%]
tests/processing/test_extraction.py::TestKnowledgeExtractor::test_importance_scoring PASSED [ 26%]
tests/processing/test_extraction.py::TestKnowledgeExtractor::test_integration_with_extraction_results PASSED [ 26%]
tests/processing/test_extraction.py::TestKnowledgeExtractor::test_empty_segment PASSED [ 26%]
tests/processing/test_extraction.py::TestKnowledgeExtractor::test_malformed_quotes PASSED [ 26%]
tests/processing/test_extraction.py::TestKnowledgeExtractor::test_nested_quotes PASSED [ 26%]
tests/processing/test_extraction.py::TestKnowledgeExtractor::test_quote_relationships PASSED [ 27%]
tests/processing/test_extraction.py::TestKnowledgeExtractor::test_component_tracking PASSED [ 27%]
tests/processing/test_importance_scoring.py::TestImportanceScorer::test_calculate_frequency_factor PASSED [ 27%]
tests/processing/test_importance_scoring.py::TestImportanceScorer::test_calculate_structural_centrality FAILED [ 27%]
tests/processing/test_importance_scoring.py::TestImportanceScorer::test_calculate_semantic_centrality PASSED [ 27%]
tests/processing/test_importance_scoring.py::TestImportanceScorer::test_analyze_discourse_function ERROR [ 27%]
tests/processing/test_importance_scoring.py::TestImportanceScorer::test_analyze_temporal_dynamics ERROR [ 27%]
tests/processing/test_importance_scoring.py::TestImportanceScorer::test_calculate_cross_reference_score ERROR [ 27%]
tests/processing/test_importance_scoring.py::TestImportanceScorer::test_calculate_composite_importance PASSED [ 27%]
tests/processing/test_importance_scoring.py::TestImportanceScorer::test_generate_importance_visualization_data ERROR [ 27%]
tests/processing/test_importance_scoring.py::TestImportanceScorer::test_filtering_utilities ERROR [ 27%]
tests/processing/test_importance_scoring.py::TestImportanceScorer::test_edge_cases_and_error_handling PASSED [ 28%]
tests/processing/test_importance_scoring.py::TestIntegrationWithExtraction::test_importance_scoring_in_extraction FAILED [ 28%]
tests/processing/test_metrics.py::TestMetricsCalculator::test_calculate_complexity_simple_text FAILED [ 28%]
tests/processing/test_metrics.py::TestMetricsCalculator::test_calculate_complexity_complex_text ERROR [ 28%]
tests/processing/test_metrics.py::TestMetricsCalculator::test_calculate_complexity_empty_text FAILED [ 28%]
tests/processing/test_metrics.py::TestMetricsCalculator::test_calculate_information_density ERROR [ 28%]
tests/processing/test_metrics.py::TestMetricsCalculator::test_calculate_information_density_empty_lists PASSED [ 28%]
tests/processing/test_metrics.py::TestMetricsCalculator::test_calculate_information_density_empty_text ERROR [ 28%]
tests/processing/test_metrics.py::TestMetricsCalculator::test_calculate_accessibility FAILED [ 28%]
tests/processing/test_metrics.py::TestMetricsCalculator::test_calculate_accessibility_empty_text PASSED [ 28%]
tests/processing/test_metrics.py::TestMetricsCalculator::test_aggregate_episode_metrics FAILED [ 29%]
tests/processing/test_metrics.py::TestMetricsCalculator::test_technical_term_detection PASSED [ 29%]
tests/processing/test_metrics.py::TestMetricsCalculator::test_readability_score_calculation PASSED [ 29%]
tests/processing/test_metrics.py::TestMetricsCalculator::test_entity_complexity_scoring FAILED [ 29%]
tests/processing/test_metrics.py::TestMetricsCalculator::test_vocabulary_richness_edge_cases PASSED [ 29%]
tests/processing/test_metrics.py::TestMetricsCalculator::test_metrics_with_special_characters PASSED [ 29%]
tests/processing/test_metrics.py::TestMetricsCalculator::test_fact_detection PASSED [ 29%]
tests/processing/test_metrics.py::TestMetricsCalculator::test_explanation_quality_detection FAILED [ 29%]
tests/processing/test_parsers.py::TestResponseParser::test_parse_json_response_valid FAILED [ 29%]
tests/processing/test_parsers.py::TestResponseParser::test_parse_json_response_no_markers PASSED [ 29%]
tests/processing/test_parsers.py::TestResponseParser::test_parse_json_response_with_text PASSED [ 29%]
tests/processing/test_parsers.py::TestResponseParser::test_parse_json_response_malformed FAILED [ 30%]
tests/processing/test_parsers.py::TestResponseParser::test_parse_entities_structured FAILED [ 30%]
tests/processing/test_parsers.py::TestResponseParser::test_parse_entities_json FAILED [ 30%]
tests/processing/test_parsers.py::TestResponseParser::test_parse_insights_structured FAILED [ 30%]
tests/processing/test_parsers.py::TestResponseParser::test_parse_quotes_structured FAILED [ 30%]
tests/processing/test_parsers.py::TestResponseParser::test_parse_topics_simple FAILED [ 30%]
tests/processing/test_parsers.py::TestResponseParser::test_extract_json_from_text FAILED [ 30%]
tests/processing/test_parsers.py::TestResponseParser::test_clean_entity_type FAILED [ 30%]
tests/processing/test_parsers.py::TestResponseParser::test_parse_confidence_score FAILED [ 30%]
tests/processing/test_parsers.py::TestValidationUtils::test_validate_entity FAILED [ 30%]
tests/processing/test_parsers.py::TestValidationUtils::test_validate_insight FAILED [ 31%]
tests/processing/test_parsers.py::TestValidationUtils::test_validate_quote FAILED [ 31%]
tests/processing/test_parsers.py::TestValidationUtils::test_clean_text FAILED [ 31%]
tests/processing/test_parsers.py::TestValidationUtils::test_normalize_confidence FAILED [ 31%]
tests/processing/test_parsers.py::TestParserEdgeCases::test_empty_response FAILED [ 31%]
tests/processing/test_parsers.py::TestParserEdgeCases::test_none_response FAILED [ 31%]
tests/processing/test_parsers.py::TestParserEdgeCases::test_mixed_format_response FAILED [ 31%]
tests/processing/test_parsers.py::TestParserEdgeCases::test_unicode_handling FAILED [ 31%]
tests/processing/test_parsers.py::TestParserEdgeCases::test_large_response FAILED [ 31%]
tests/processing/test_parsers.py::TestParserEdgeCases::test_malformed_structured_response FAILED [ 31%]
tests/processing/test_preprocessor.py::TestTextPreprocessor::test_preprocessor_initialization PASSED [ 31%]
tests/processing/test_preprocessor.py::TestTextPreprocessor::test_custom_config PASSED [ 32%]
tests/processing/test_preprocessor.py::TestTextPreprocessor::test_inject_temporal_context PASSED [ 32%]
tests/processing/test_preprocessor.py::TestTextPreprocessor::test_inject_speaker_context PASSED [ 32%]
tests/processing/test_preprocessor.py::TestTextPreprocessor::test_inject_speaker_after_timestamp PASSED [ 32%]
tests/processing/test_preprocessor.py::TestTextPreprocessor::test_preprocess_segment_full ERROR [ 32%]
tests/processing/test_preprocessor.py::TestTextPreprocessor::test_prepare_segment_minimal FAILED [ 32%]
tests/processing/test_preprocessor.py::TestTextPreprocessor::test_dry_run_mode ERROR [ 32%]
tests/processing/test_preprocessor.py::TestTextPreprocessor::test_format_for_extraction PASSED [ 32%]
tests/processing/test_preprocessor.py::TestTextPreprocessor::test_extract_metadata_from_enriched FAILED [ 32%]
tests/processing/test_preprocessor.py::TestTextPreprocessor::test_preprocessing_metrics FAILED [ 32%]
tests/processing/test_preprocessor.py::TestTextPreprocessor::test_configurable_preprocessing ERROR [ 33%]
tests/processing/test_preprocessor.py::TestTextPreprocessor::test_custom_format_strings ERROR [ 33%]
tests/processing/test_preprocessor.py::TestBatchProcessing::test_preprocess_segments_batch FAILED [ 33%]
tests/processing/test_preprocessor.py::TestEdgeCases::test_empty_text FAILED [ 33%]
tests/processing/test_preprocessor.py::TestEdgeCases::test_none_values FAILED [ 33%]
tests/processing/test_preprocessor.py::TestEdgeCases::test_special_characters_in_metadata FAILED [ 33%]
tests/processing/test_prompts.py::TestPromptTemplate::test_prompt_template_creation PASSED [ 33%]
tests/processing/test_prompts.py::TestPromptTemplate::test_prompt_template_format PASSED [ 33%]
tests/processing/test_prompts.py::TestPromptTemplate::test_prompt_template_missing_variable FAILED [ 33%]
tests/processing/test_prompts.py::TestPromptBuilder::test_entity_extraction_prompt FAILED [ 33%]
tests/processing/test_prompts.py::TestPromptBuilder::test_insight_extraction_prompt FAILED [ 34%]
tests/processing/test_prompts.py::TestPromptBuilder::test_quote_extraction_prompt FAILED [ 34%]
tests/processing/test_prompts.py::TestPromptBuilder::test_topic_identification_prompt FAILED [ 34%]
tests/processing/test_prompts.py::TestPromptBuilder::test_summary_generation_prompt PASSED [ 34%]
tests/processing/test_prompts.py::TestPromptBuilder::test_relationship_extraction_prompt PASSED [ 34%]
tests/processing/test_prompts.py::TestPromptBuilder::test_convert_transcript_for_llm FAILED [ 34%]
tests/processing/test_prompts.py::TestPromptBuilder::test_small_context_prompts FAILED [ 34%]
tests/processing/test_prompts.py::TestPromptBuilder::test_prompt_versioning PASSED [ 34%]
tests/processing/test_prompts.py::TestPromptBuilder::test_custom_prompt_registration PASSED [ 34%]
tests/processing/test_prompts.py::TestPromptBuilder::test_prompt_caching PASSED [ 34%]
tests/processing/test_prompts.py::TestPromptBuilder::test_context_aware_prompts PASSED [ 34%]
tests/processing/test_prompts.py::TestPromptBuilder::test_prompt_metadata PASSED [ 35%]
tests/processing/test_prompts.py::TestPromptBuilder::test_error_handling_prompts PASSED [ 35%]
tests/processing/test_vtt_extraction.py::TestVTTKnowledgeExtraction::test_vtt_to_segments_parsing PASSED [ 35%]
tests/processing/test_vtt_extraction.py::TestVTTKnowledgeExtraction::test_extract_entities_from_vtt_segments FAILED [ 35%]
tests/processing/test_vtt_extraction.py::TestVTTKnowledgeExtraction::test_extract_insights_from_vtt_segments FAILED [ 35%]
tests/processing/test_vtt_extraction.py::TestVTTKnowledgeExtraction::test_extract_quotes_from_vtt_segments FAILED [ 35%]
tests/processing/test_vtt_extraction.py::TestVTTKnowledgeExtraction::test_full_extraction_pipeline_with_vtt FAILED [ 35%]
tests/processing/test_vtt_extraction.py::TestVTTKnowledgeExtraction::test_extraction_with_merged_segments PASSED [ 35%]
tests/processing/test_vtt_extraction.py::TestVTTKnowledgeExtraction::test_extraction_preserves_segment_metadata PASSED [ 35%]
tests/processing/test_vtt_extraction.py::TestVTTKnowledgeExtraction::test_empty_vtt_extraction PASSED [ 35%]
tests/processing/test_vtt_extraction.py::TestVTTKnowledgeExtraction::test_vtt_extraction_error_handling PASSED [ 36%]
tests/processing/test_vtt_extraction.py::TestVTTKnowledgeExtraction::test_vtt_segment_id_preservation PASSED [ 36%]
tests/processing/test_vtt_parser.py::TestVTTParser::test_parse_simple_vtt PASSED [ 36%]
tests/processing/test_vtt_parser.py::TestVTTParser::test_parse_vtt_with_speakers PASSED [ 36%]
tests/processing/test_vtt_parser.py::TestVTTParser::test_parse_vtt_with_cue_ids PASSED [ 36%]
tests/processing/test_vtt_parser.py::TestVTTParser::test_parse_vtt_with_settings PASSED [ 36%]
tests/processing/test_vtt_parser.py::TestVTTParser::test_parse_multiline_cues PASSED [ 36%]
tests/processing/test_vtt_parser.py::TestVTTParser::test_parse_timestamp_formats PASSED [ 36%]
tests/processing/test_vtt_parser.py::TestVTTParser::test_invalid_timestamp_format PASSED [ 36%]
tests/processing/test_vtt_parser.py::TestVTTParser::test_extract_speaker PASSED [ 36%]
tests/processing/test_vtt_parser.py::TestVTTParser::test_missing_webvtt_header PASSED [ 36%]
tests/processing/test_vtt_parser.py::TestVTTParser::test_invalid_timestamp_in_content PASSED [ 37%]
tests/processing/test_vtt_parser.py::TestVTTParser::test_malformed_vtt PASSED [ 37%]
tests/processing/test_vtt_parser.py::TestVTTParser::test_empty_content PASSED [ 37%]
tests/processing/test_vtt_parser.py::TestVTTParser::test_whitespace_only_content PASSED [ 37%]
tests/processing/test_vtt_parser.py::TestVTTParser::test_parse_file PASSED [ 37%]
tests/processing/test_vtt_parser.py::TestVTTParser::test_parse_nonexistent_file PASSED [ 37%]
tests/processing/test_vtt_parser.py::TestVTTParser::test_merge_short_segments FAILED [ 37%]
tests/processing/test_vtt_parser.py::TestVTTParser::test_merge_segments_different_speakers PASSED [ 37%]
tests/processing/test_vtt_parser.py::TestVTTParser::test_merge_empty_segments_list PASSED [ 37%]
tests/processing/test_vtt_parser.py::TestVTTParser::test_normalize_segment PASSED [ 37%]
tests/processing/test_vtt_parser.py::TestVTTParser::test_normalize_segment_alternate_fields PASSED [ 38%]
tests/processing/test_vtt_parser.py::TestVTTParser::test_normalize_segment_minimal PASSED [ 38%]
tests/processing/test_vtt_parser.py::TestVTTParser::test_vtt_with_only_header PASSED [ 38%]
tests/processing/test_vtt_parser.py::TestVTTParser::test_vtt_with_metadata PASSED [ 38%]
tests/processing/test_vtt_parser.py::TestVTTParser::test_cue_with_empty_text PASSED [ 38%]
tests/scripts/test_integration.py::test_imports PASSED                   [ 38%]
tests/scripts/test_integration.py::test_basic_instantiation PASSED       [ 38%]
tests/scripts/test_minimal_integration.py::test_core_classes PASSED      [ 38%]
tests/scripts/test_minimal_integration.py::test_config_files PASSED      [ 38%]
tests/scripts/test_minimal_integration.py::test_test_files PASSED        [ 38%]
tests/seeding/test_batch_processor.py::TestBatchItem::test_batch_item_creation PASSED [ 38%]
tests/seeding/test_batch_processor.py::TestBatchItem::test_batch_item_with_metadata PASSED [ 39%]
tests/seeding/test_batch_processor.py::TestBatchResult::test_successful_result PASSED [ 39%]
tests/seeding/test_batch_processor.py::TestBatchResult::test_failed_result PASSED [ 39%]
tests/seeding/test_batch_processor.py::TestBatchProcessor::test_initialization PASSED [ 39%]
tests/seeding/test_batch_processor.py::TestBatchProcessor::test_process_empty_items PASSED [ 39%]
tests/seeding/test_batch_processor.py::TestBatchProcessor::test_process_individual_items PASSED [ 39%]
tests/seeding/test_batch_processor.py::TestBatchProcessor::test_process_with_priorities PASSED [ 39%]
tests/seeding/test_batch_processor.py::TestBatchProcessor::test_process_with_errors PASSED [ 39%]
tests/seeding/test_batch_processor.py::TestBatchProcessor::test_batch_creation PASSED [ 39%]
tests/seeding/test_batch_processor.py::TestBatchProcessor::test_progress_callback FAILED [ 39%]
tests/seeding/test_batch_processor.py::TestBatchProcessor::test_memory_limit FAILED [ 40%]
tests/seeding/test_batch_processor.py::TestBatchProcessor::test_batch_function_processing PASSED [ 40%]
tests/seeding/test_batch_processor.py::TestBatchProcessor::test_statistics FAILED [ 40%]
tests/seeding/test_batch_processor.py::TestPriorityBatchProcessor::test_start_stop PASSED [ 40%]
tests/seeding/test_batch_processor.py::TestPriorityBatchProcessor::test_add_items FAILED [ 40%]
tests/seeding/test_batch_processor.py::TestHelperFunctions::test_create_batch_items_default PASSED [ 40%]
tests/seeding/test_batch_processor.py::TestHelperFunctions::test_create_batch_items_custom PASSED [ 40%]
tests/seeding/test_batch_processor.py::TestHelperFunctions::test_batch_with_timeout FAILED [ 40%]
tests/seeding/test_batch_processor.py::TestBatchOptimization::test_batch_performance_recording PASSED [ 40%]
tests/seeding/test_batch_processor.py::TestBatchOptimization::test_batch_size_optimization PASSED [ 40%]
tests/seeding/test_checkpoint.py::TestProgressCheckpoint::test_initialization PASSED [ 40%]
tests/seeding/test_checkpoint.py::TestProgressCheckpoint::test_save_and_load_episode_checkpoint PASSED [ 41%]
tests/seeding/test_checkpoint.py::TestProgressCheckpoint::test_save_and_load_segment_checkpoint PASSED [ 41%]
tests/seeding/test_checkpoint.py::TestProgressCheckpoint::test_compression PASSED [ 41%]
tests/seeding/test_checkpoint.py::TestProgressCheckpoint::test_no_compression PASSED [ 41%]
tests/seeding/test_checkpoint.py::TestProgressCheckpoint::test_metadata_saving PASSED [ 41%]
tests/seeding/test_checkpoint.py::TestProgressCheckpoint::test_version_migration PASSED [ 41%]
tests/seeding/test_checkpoint.py::TestProgressCheckpoint::test_get_episode_checkpoints PASSED [ 41%]
tests/seeding/test_checkpoint.py::TestProgressCheckpoint::test_get_incomplete_episodes FAILED [ 41%]
tests/seeding/test_checkpoint.py::TestProgressCheckpoint::test_clean_old_checkpoints PASSED [ 41%]
tests/seeding/test_checkpoint.py::TestProgressCheckpoint::test_checkpoint_statistics PASSED [ 41%]
tests/seeding/test_checkpoint.py::TestProgressCheckpoint::test_export_checkpoints PASSED [ 42%]
tests/seeding/test_checkpoint.py::TestProgressCheckpoint::test_export_specific_episodes PASSED [ 42%]
tests/seeding/test_checkpoint.py::TestProgressCheckpoint::test_import_checkpoints PASSED [ 42%]
tests/seeding/test_checkpoint.py::TestProgressCheckpoint::test_distributed_locking PASSED [ 42%]
tests/seeding/test_checkpoint.py::TestCheckpointMetadata::test_metadata_creation PASSED [ 42%]
tests/seeding/test_checkpoint.py::TestCheckpointMetadata::test_metadata_to_dict PASSED [ 42%]
tests/seeding/test_pipeline_executor_refactored.py::TestPipelineExecutorHelperMethods::test_is_episode_completed_true PASSED [ 42%]
tests/seeding/test_pipeline_executor_refactored.py::TestPipelineExecutorHelperMethods::test_is_episode_completed_false PASSED [ 42%]
tests/seeding/test_pipeline_executor_refactored.py::TestPipelineExecutorHelperMethods::test_download_episode_audio_success FAILED [ 42%]
tests/seeding/test_pipeline_executor_refactored.py::TestPipelineExecutorHelperMethods::test_download_episode_audio_failure FAILED [ 42%]
tests/seeding/test_pipeline_executor_refactored.py::TestPipelineExecutorHelperMethods::test_add_episode_context FAILED [ 42%]
tests/seeding/test_pipeline_executor_refactored.py::TestPipelineExecutorHelperMethods::test_process_audio_segments FAILED [ 43%]
tests/seeding/test_pipeline_executor_refactored.py::TestPipelineExecutorHelperMethods::test_determine_extraction_mode_fixed FAILED [ 43%]
tests/seeding/test_pipeline_executor_refactored.py::TestPipelineExecutorHelperMethods::test_determine_extraction_mode_schemaless FAILED [ 43%]
tests/seeding/test_pipeline_executor_refactored.py::TestPipelineExecutorHelperMethods::test_determine_extraction_mode_migration FAILED [ 43%]
tests/seeding/test_pipeline_executor_refactored.py::TestPipelineExecutorHelperMethods::test_finalize_episode_processing FAILED [ 43%]
tests/seeding/test_pipeline_executor_refactored.py::TestPipelineExecutorHelperMethods::test_cleanup_audio_file_enabled FAILED [ 43%]
tests/seeding/test_pipeline_executor_refactored.py::TestPipelineExecutorHelperMethods::test_cleanup_audio_file_disabled FAILED [ 43%]
tests/seeding/test_pipeline_executor_refactored.py::TestPipelineExecutorHelperMethods::test_cleanup_audio_file_error_ignored FAILED [ 43%]
tests/services/test_embeddings_service.py::TestEmbeddingsService::test_initialization FAILED [ 43%]
tests/services/test_embeddings_service.py::TestEmbeddingsService::test_initialization_default_model FAILED [ 43%]
tests/services/test_embeddings_service.py::TestEmbeddingsService::test_embed_single_text ERROR [ 44%]
tests/services/test_embeddings_service.py::TestEmbeddingsService::test_embed_batch ERROR [ 44%]
tests/services/test_embeddings_service.py::TestEmbeddingsService::test_calculate_similarity ERROR [ 44%]
tests/services/test_embeddings_service.py::TestEmbeddingsService::test_empty_text_handling ERROR [ 44%]
tests/services/test_embeddings_service.py::TestEmbeddingsService::test_error_handling ERROR [ 44%]
tests/services/test_graph_storage_service.py::TestGraphStorageService::test_initialization FAILED [ 44%]
tests/services/test_graph_storage_service.py::TestGraphStorageService::test_store_entity ERROR [ 44%]
tests/services/test_graph_storage_service.py::TestGraphStorageService::test_store_relationship ERROR [ 44%]
tests/services/test_graph_storage_service.py::TestGraphStorageService::test_batch_store_entities ERROR [ 44%]
tests/services/test_graph_storage_service.py::TestGraphStorageService::test_find_entity_by_name ERROR [ 44%]
tests/services/test_graph_storage_service.py::TestGraphStorageService::test_close_connection ERROR [ 44%]
tests/services/test_graph_storage_service.py::TestGraphStorageService::test_connection_error_handling ERROR [ 45%]
tests/services/test_graph_storage_service.py::TestGraphStorageService::test_transaction_rollback ERROR [ 45%]
tests/services/test_llm_service.py::TestLLMService::test_initialization FAILED [ 45%]
tests/services/test_llm_service.py::TestLLMService::test_initialization_no_api_key PASSED [ 45%]
tests/services/test_llm_service.py::TestLLMService::test_generate_content FAILED [ 45%]
tests/services/test_llm_service.py::TestLLMService::test_extract_entities FAILED [ 45%]
tests/services/test_llm_service.py::TestLLMService::test_error_handling FAILED [ 45%]
tests/unit/test_config.py::TestPipelineConfig::test_default_initialization PASSED [ 45%]
tests/unit/test_config.py::TestPipelineConfig::test_environment_variable_loading PASSED [ 45%]
tests/unit/test_config.py::TestPipelineConfig::test_path_handling PASSED [ 45%]
tests/unit/test_config.py::TestPipelineConfig::test_validation_success PASSED [ 46%]
tests/unit/test_config.py::TestPipelineConfig::test_validation_missing_password PASSED [ 46%]
tests/unit/test_config.py::TestPipelineConfig::test_validation_missing_api_keys PASSED [ 46%]
tests/unit/test_config.py::TestPipelineConfig::test_validation_invalid_segment_tokens PASSED [ 46%]
tests/unit/test_config.py::TestPipelineConfig::test_validation_invalid_speakers PASSED [ 46%]
tests/unit/test_config.py::TestPipelineConfig::test_validation_invalid_gpu_memory PASSED [ 46%]
tests/unit/test_config.py::TestPipelineConfig::test_validation_invalid_schemaless_settings PASSED [ 46%]
tests/unit/test_config.py::TestPipelineConfig::test_validation_directory_creation_failure PASSED [ 46%]
tests/unit/test_config.py::TestPipelineConfig::test_validation_multiple_errors PASSED [ 46%]
tests/unit/test_config.py::TestPipelineConfig::test_to_dict PASSED       [ 46%]
tests/unit/test_config.py::TestPipelineConfig::test_to_dict_with_none_secrets PASSED [ 46%]
tests/unit/test_config.py::TestPipelineConfig::test_from_file_yaml PASSED [ 47%]
tests/unit/test_config.py::TestPipelineConfig::test_from_file_json PASSED [ 47%]
tests/unit/test_config.py::TestPipelineConfig::test_from_file_not_found PASSED [ 47%]
tests/unit/test_config.py::TestPipelineConfig::test_from_file_unsupported_format PASSED [ 47%]
tests/unit/test_config.py::TestPipelineConfig::test_from_file_yaml_not_available PASSED [ 47%]
tests/unit/test_config.py::TestPipelineConfig::test_from_file_invalid_json PASSED [ 47%]
tests/unit/test_config.py::TestPipelineConfig::test_post_init_called PASSED [ 47%]
tests/unit/test_config.py::TestPipelineConfig::test_environment_override_in_from_file PASSED [ 47%]
tests/unit/test_config.py::TestPipelineConfig::test_boolean_environment_parsing PASSED [ 47%]
tests/unit/test_config.py::TestPipelineConfig::test_numeric_environment_parsing PASSED [ 47%]
tests/unit/test_config.py::TestPipelineConfig::test_immutability PASSED  [ 48%]
tests/unit/test_config.py::TestSeedingConfig::test_inheritance PASSED    [ 48%]
tests/unit/test_config.py::TestSeedingConfig::test_seeding_specific_defaults PASSED [ 48%]
tests/unit/test_config.py::TestSeedingConfig::test_seeding_config_validation PASSED [ 48%]
tests/unit/test_config.py::TestSeedingConfig::test_seeding_config_to_dict PASSED [ 48%]
tests/unit/test_config.py::TestSeedingConfig::test_seeding_config_from_file PASSED [ 48%]
tests/unit/test_config.py::TestEdgeCases::test_empty_environment FAILED  [ 48%]
tests/unit/test_config.py::TestEdgeCases::test_partial_environment FAILED [ 48%]
tests/unit/test_config.py::TestEdgeCases::test_invalid_numeric_environment PASSED [ 48%]
tests/unit/test_config.py::TestEdgeCases::test_whitespace_in_environment FAILED [ 48%]
tests/unit/test_config.py::TestEdgeCases::test_special_characters_in_paths PASSED [ 48%]
tests/unit/test_config.py::TestEdgeCases::test_unicode_in_configuration PASSED [ 49%]
tests/unit/test_config.py::TestEdgeCases::test_extremely_large_values PASSED [ 49%]
tests/unit/test_config.py::TestEdgeCases::test_directory_creation_race_condition PASSED [ 49%]
tests/unit/test_config.py::TestEdgeCases::test_config_copy_and_modification FAILED [ 49%]
tests/unit/test_config.py::TestEdgeCases::test_yaml_with_invalid_values PASSED [ 49%]
tests/unit/test_core_imports.py::test_core_interfaces_import FAILED      [ 49%]
tests/unit/test_core_imports.py::test_core_exceptions_import FAILED      [ 49%]
tests/unit/test_core_imports.py::test_core_models_import PASSED          [ 49%]
tests/unit/test_core_imports.py::test_core_config_import PASSED          [ 49%]
tests/unit/test_core_imports.py::test_core_constants_import PASSED       [ 49%]
tests/unit/test_core_imports.py::test_model_validation PASSED            [ 50%]
tests/unit/test_core_imports.py::test_exception_severity FAILED          [ 50%]
tests/unit/test_debugging_utils.py::TestErrorEnums::test_error_severity_values PASSED [ 50%]
tests/unit/test_debugging_utils.py::TestErrorEnums::test_error_category_values PASSED [ 50%]
tests/unit/test_debugging_utils.py::TestErrorContext::test_error_context_creation PASSED [ 50%]
tests/unit/test_debugging_utils.py::TestErrorContext::test_error_context_to_dict PASSED [ 50%]
tests/unit/test_debugging_utils.py::TestErrorContext::test_error_context_to_json PASSED [ 50%]
tests/unit/test_debugging_utils.py::TestDebugLogger::test_debug_logger_initialization FAILED [ 50%]
tests/unit/test_debugging_utils.py::TestDebugLogger::test_log_error_context ERROR [ 50%]
tests/unit/test_debugging_utils.py::TestDebugLogger::test_get_error_summary ERROR [ 50%]
tests/unit/test_debugging_utils.py::TestWithErrorContext::test_successful_function PASSED [ 51%]
tests/unit/test_debugging_utils.py::TestWithErrorContext::test_function_with_error PASSED [ 51%]
tests/unit/test_debugging_utils.py::TestWithErrorContext::test_function_with_custom_logger FAILED [ 51%]
tests/unit/test_debugging_utils.py::TestDebugContext::test_successful_context FAILED [ 51%]
tests/unit/test_debugging_utils.py::TestDebugContext::test_context_with_error PASSED [ 51%]
tests/unit/test_debugging_utils.py::TestDebugContext::test_context_with_metadata FAILED [ 51%]
tests/unit/test_debugging_utils.py::TestErrorAnalyzer::test_analyze_validation_error FAILED [ 51%]
tests/unit/test_debugging_utils.py::TestErrorAnalyzer::test_analyze_network_error FAILED [ 51%]
tests/unit/test_debugging_utils.py::TestErrorAnalyzer::test_analyze_unknown_error PASSED [ 51%]
tests/unit/test_debugging_utils.py::TestCreateProviderErrorHandler::test_create_handler FAILED [ 51%]
tests/unit/test_debugging_utils.py::TestCreateProviderErrorHandler::test_handler_with_retryable_error FAILED [ 51%]
tests/unit/test_debugging_utils.py::TestErrorRecoveryStrategy::test_attempt_recovery_network FAILED [ 52%]
tests/unit/test_debugging_utils.py::TestErrorRecoveryStrategy::test_attempt_recovery_parsing FAILED [ 52%]
tests/unit/test_debugging_utils.py::TestErrorRecoveryStrategy::test_max_retries_exceeded FAILED [ 52%]
tests/unit/test_exceptions.py::TestErrorSeverity::test_severity_values PASSED [ 52%]
tests/unit/test_exceptions.py::TestErrorSeverity::test_all_severities_defined PASSED [ 52%]
tests/unit/test_exceptions.py::TestPodcastProcessingError::test_basic_initialization PASSED [ 52%]
tests/unit/test_exceptions.py::TestPodcastProcessingError::test_initialization_with_severity PASSED [ 52%]
tests/unit/test_exceptions.py::TestPodcastProcessingError::test_initialization_with_details PASSED [ 52%]
tests/unit/test_exceptions.py::TestPodcastProcessingError::test_string_representation_basic PASSED [ 52%]
tests/unit/test_exceptions.py::TestPodcastProcessingError::test_string_representation_with_severity PASSED [ 52%]
tests/unit/test_exceptions.py::TestPodcastProcessingError::test_string_representation_with_details PASSED [ 53%]
tests/unit/test_exceptions.py::TestPodcastProcessingError::test_inheritance_from_exception PASSED [ 53%]
tests/unit/test_exceptions.py::TestDatabaseConnectionError::test_always_critical PASSED [ 53%]
tests/unit/test_exceptions.py::TestDatabaseConnectionError::test_with_details PASSED [ 53%]
tests/unit/test_exceptions.py::TestDatabaseConnectionError::test_alias_compatibility PASSED [ 53%]
tests/unit/test_exceptions.py::TestAudioProcessingError::test_default_severity PASSED [ 53%]
tests/unit/test_exceptions.py::TestAudioProcessingError::test_custom_severity PASSED [ 53%]
tests/unit/test_exceptions.py::TestAudioProcessingError::test_with_audio_details PASSED [ 53%]
tests/unit/test_exceptions.py::TestLLMProcessingError::test_default_warning_severity PASSED [ 53%]
tests/unit/test_exceptions.py::TestLLMProcessingError::test_with_model_details PASSED [ 53%]
tests/unit/test_exceptions.py::TestConfigurationError::test_always_critical PASSED [ 53%]
tests/unit/test_exceptions.py::TestConfigurationError::test_with_config_details PASSED [ 54%]
tests/unit/test_exceptions.py::TestPipelineError::test_default_critical_severity PASSED [ 54%]
tests/unit/test_exceptions.py::TestPipelineError::test_can_override_severity PASSED [ 54%]
tests/unit/test_exceptions.py::TestValidationError::test_basic_validation_error PASSED [ 54%]
tests/unit/test_exceptions.py::TestValidationError::test_with_field_and_value PASSED [ 54%]
tests/unit/test_exceptions.py::TestValidationError::test_with_existing_details PASSED [ 54%]
tests/unit/test_exceptions.py::TestProviderError::test_provider_name_required PASSED [ 54%]
tests/unit/test_exceptions.py::TestProviderError::test_provider_error_string PASSED [ 54%]
tests/unit/test_exceptions.py::TestProviderError::test_with_additional_details PASSED [ 54%]
tests/unit/test_exceptions.py::TestCriticalError::test_always_critical PASSED [ 54%]
tests/unit/test_exceptions.py::TestExtractionError::test_default_warning PASSED [ 55%]
tests/unit/test_exceptions.py::TestExtractionError::test_can_be_critical PASSED [ 55%]
tests/unit/test_exceptions.py::TestRateLimitError::test_basic_rate_limit PASSED [ 55%]
tests/unit/test_exceptions.py::TestRateLimitError::test_with_retry_after PASSED [ 55%]
tests/unit/test_exceptions.py::TestRateLimitError::test_with_additional_details PASSED [ 55%]
tests/unit/test_exceptions.py::TestTimeoutError::test_basic_timeout PASSED [ 55%]
tests/unit/test_exceptions.py::TestTimeoutError::test_with_operation_details PASSED [ 55%]
tests/unit/test_exceptions.py::TestTimeoutError::test_with_all_details PASSED [ 55%]
tests/unit/test_exceptions.py::TestResourceError::test_default_critical PASSED [ 55%]
tests/unit/test_exceptions.py::TestResourceError::test_with_resource_type PASSED [ 55%]
tests/unit/test_exceptions.py::TestResourceError::test_memory_resource_error PASSED [ 55%]
tests/unit/test_exceptions.py::TestDataIntegrityError::test_default_critical PASSED [ 56%]
tests/unit/test_exceptions.py::TestDataIntegrityError::test_with_entity_info PASSED [ 56%]
tests/unit/test_exceptions.py::TestDataIntegrityError::test_with_full_details PASSED [ 56%]
tests/unit/test_exceptions.py::TestParsingError::test_default_warning PASSED [ 56%]
tests/unit/test_exceptions.py::TestParsingError::test_with_parse_details PASSED [ 56%]
tests/unit/test_exceptions.py::TestCheckpointError::test_default_warning PASSED [ 56%]
tests/unit/test_exceptions.py::TestCheckpointError::test_critical_checkpoint_error PASSED [ 56%]
tests/unit/test_exceptions.py::TestBatchProcessingError::test_default_warning PASSED [ 56%]
tests/unit/test_exceptions.py::TestBatchProcessingError::test_with_batch_details PASSED [ 56%]
tests/unit/test_exceptions.py::TestAliases::test_podcast_kg_error_alias PASSED [ 56%]
tests/unit/test_exceptions.py::TestAliases::test_connection_error_alias PASSED [ 57%]
tests/unit/test_exceptions.py::TestExceptionHierarchy::test_all_inherit_from_base PASSED [ 57%]
tests/unit/test_exceptions.py::TestExceptionHierarchy::test_provider_error_hierarchy PASSED [ 57%]
tests/unit/test_exceptions.py::TestExceptionUsagePatterns::test_catching_specific_exceptions PASSED [ 57%]
tests/unit/test_exceptions.py::TestExceptionUsagePatterns::test_catching_by_base_class PASSED [ 57%]
tests/unit/test_exceptions.py::TestExceptionUsagePatterns::test_exception_context_preservation PASSED [ 57%]
tests/unit/test_extraction_core.py::TestKnowledgeExtractionCore::test_extract_entities PASSED [ 57%]
tests/unit/test_extraction_core.py::TestKnowledgeExtractionCore::test_extract_relationships FAILED [ 57%]
tests/unit/test_extraction_core.py::TestKnowledgeExtractionCore::test_extract_insights FAILED [ 57%]
tests/unit/test_extraction_core.py::TestKnowledgeExtractionCore::test_handle_llm_failure FAILED [ 57%]
tests/unit/test_extraction_core.py::TestKnowledgeExtractionCore::test_extraction_timeout FAILED [ 57%]
tests/unit/test_extraction_core.py::TestKnowledgeExtractionCore::test_entity_confidence_filtering FAILED [ 58%]
tests/unit/test_extraction_core.py::TestKnowledgeExtractionCore::test_quote_extraction_filtering FAILED [ 58%]
tests/unit/test_extraction_core.py::TestKnowledgeExtractionCore::test_max_entities_limit PASSED [ 58%]
tests/unit/test_extraction_core.py::TestKnowledgeExtractionCore::test_dry_run_mode FAILED [ 58%]
tests/unit/test_extraction_core.py::TestKnowledgeExtractionCore::test_extraction_validation FAILED [ 58%]
tests/unit/test_extraction_core.py::TestKnowledgeExtractionCore::test_segment_metadata_preservation FAILED [ 58%]
tests/unit/test_extraction_core.py::TestKnowledgeExtractionCore::test_extraction_with_no_content ERROR [ 58%]
tests/unit/test_extraction_integration.py::TestIntegratedExtraction::test_full_extraction_pipeline ERROR [ 58%]
tests/unit/test_extraction_integration.py::TestIntegratedExtraction::test_prompt_builder_integration FAILED [ 58%]
tests/unit/test_extraction_integration.py::TestIntegratedExtraction::test_response_parser_integration FAILED [ 58%]
tests/unit/test_extraction_integration.py::TestIntegratedExtraction::test_importance_scorer_integration ERROR [ 59%]
tests/unit/test_extraction_integration.py::TestIntegratedExtraction::test_segment_processing_workflow ERROR [ 59%]
tests/unit/test_extraction_integration.py::TestIntegratedExtraction::test_entity_merging_workflow ERROR [ 59%]
tests/unit/test_extraction_integration.py::TestRealWorldScenarios::test_medical_podcast_extraction FAILED [ 59%]
tests/unit/test_extraction_integration.py::TestRealWorldScenarios::test_technical_podcast_extraction FAILED [ 59%]
tests/unit/test_extraction_integration.py::TestErrorHandlingIntegration::test_llm_timeout_handling FAILED [ 59%]
tests/unit/test_extraction_integration.py::TestErrorHandlingIntegration::test_partial_extraction_failure FAILED [ 59%]
tests/unit/test_extraction_integration.py::TestErrorHandlingIntegration::test_malformed_llm_responses FAILED [ 59%]
tests/unit/test_extraction_integration.py::TestCachingBehavior::test_cache_hit_performance FAILED [ 59%]
tests/unit/test_extraction_integration.py::TestCachingBehavior::test_cache_invalidation_on_different_inputs FAILED [ 59%]
tests/unit/test_extraction_integration.py::TestBackwardCompatibility::test_create_extractor_factory FAILED [ 59%]
tests/unit/test_extraction_integration.py::TestBackwardCompatibility::test_legacy_entity_structure FAILED [ 60%]
tests/unit/test_extraction_unit.py::TestExtractionResult::test_extraction_result_creation FAILED [ 60%]
tests/unit/test_extraction_unit.py::TestKnowledgeExtractor::test_extractor_initialization FAILED [ 60%]
tests/unit/test_extraction_unit.py::TestKnowledgeExtractor::test_cache_key_generation ERROR [ 60%]
tests/unit/test_extraction_unit.py::TestKnowledgeExtractor::test_cache_operations ERROR [ 60%]
tests/unit/test_extraction_unit.py::TestKnowledgeExtractor::test_cache_disabled FAILED [ 60%]
tests/unit/test_extraction_unit.py::TestKnowledgeExtractor::test_cache_size_limit ERROR [ 60%]
tests/unit/test_extraction_unit.py::TestKnowledgeExtractor::test_extract_all ERROR [ 60%]
tests/unit/test_extraction_unit.py::TestKnowledgeExtractor::test_extract_entities_success ERROR [ 60%]
tests/unit/test_extraction_unit.py::TestKnowledgeExtractor::test_extract_entities_empty_text ERROR [ 60%]
tests/unit/test_extraction_unit.py::TestKnowledgeExtractor::test_extract_entities_retry_logic ERROR [ 61%]
tests/unit/test_extraction_unit.py::TestKnowledgeExtractor::test_extract_entities_all_retries_fail ERROR [ 61%]
tests/unit/test_extraction_unit.py::TestKnowledgeExtractor::test_extract_combined_success ERROR [ 61%]
tests/unit/test_extraction_unit.py::TestKnowledgeExtractor::test_extract_combined_empty_text ERROR [ 61%]
tests/unit/test_extraction_unit.py::TestKnowledgeExtractor::test_extract_combined_fallback ERROR [ 61%]
tests/unit/test_extraction_unit.py::TestKnowledgeExtractor::test_parse_entities_from_combined ERROR [ 61%]
tests/unit/test_extraction_unit.py::TestKnowledgeExtractor::test_parse_entities_from_combined_error_handling ERROR [ 61%]
tests/unit/test_extraction_unit.py::TestKnowledgeExtractor::test_parse_insights_from_combined ERROR [ 61%]
tests/unit/test_extraction_unit.py::TestKnowledgeExtractor::test_parse_quotes_from_combined ERROR [ 61%]
tests/unit/test_extraction_unit.py::TestKnowledgeExtractor::test_derive_topics_from_insights ERROR [ 61%]
tests/unit/test_extraction_unit.py::TestKnowledgeExtractor::test_extract_from_segments ERROR [ 61%]
tests/unit/test_extraction_unit.py::TestKnowledgeExtractor::test_merge_duplicate_entities ERROR [ 62%]
tests/unit/test_extraction_unit.py::TestKnowledgeExtractor::test_entity_type_mapping ERROR [ 62%]
tests/unit/test_extraction_unit.py::TestKnowledgeExtractor::test_insight_type_mapping ERROR [ 62%]
tests/unit/test_extraction_unit.py::TestKnowledgeExtractor::test_quote_type_mapping ERROR [ 62%]
tests/unit/test_extraction_unit.py::TestKnowledgeExtractor::test_build_entity_prompt_large_context ERROR [ 62%]
tests/unit/test_extraction_unit.py::TestKnowledgeExtractor::test_build_entity_prompt_small_context FAILED [ 62%]
tests/unit/test_extraction_unit.py::TestKnowledgeExtractor::test_build_insight_prompt_with_entities ERROR [ 62%]
tests/unit/test_extraction_unit.py::TestKnowledgeExtractor::test_extract_json_from_response ERROR [ 62%]
tests/unit/test_extraction_unit.py::TestKnowledgeExtractor::test_validate_entities ERROR [ 62%]
tests/unit/test_extraction_unit.py::TestKnowledgeExtractor::test_validate_insights ERROR [ 62%]
tests/unit/test_extraction_unit.py::TestKnowledgeExtractor::test_validate_quotes ERROR [ 63%]
tests/unit/test_extraction_unit.py::TestFactoryFunction::test_create_extractor FAILED [ 63%]
tests/unit/test_extraction_unit.py::TestDeprecationWarnings::test_class_deprecation_warning FAILED [ 63%]
tests/unit/test_extraction_unit.py::TestDeprecationWarnings::test_method_deprecation_warnings FAILED [ 63%]
tests/unit/test_extraction_unit.py::TestEdgeCases::test_malformed_json_response ERROR [ 63%]
tests/unit/test_extraction_unit.py::TestEdgeCases::test_unicode_handling ERROR [ 63%]
tests/unit/test_extraction_unit.py::TestEdgeCases::test_very_long_text ERROR [ 63%]
tests/unit/test_extraction_unit.py::TestEdgeCases::test_concurrent_extraction ERROR [ 63%]
tests/unit/test_feature_flags.py::TestFeatureFlag::test_feature_flags_defined PASSED [ 63%]
tests/unit/test_feature_flags.py::TestFeatureFlag::test_flag_values_are_strings PASSED [ 63%]
tests/unit/test_feature_flags.py::TestFeatureFlag::test_flag_enum_members PASSED [ 63%]
tests/unit/test_feature_flags.py::TestFlagConfig::test_flag_config_creation PASSED [ 64%]
tests/unit/test_feature_flags.py::TestFlagConfig::test_flag_config_with_env_var PASSED [ 64%]
tests/unit/test_feature_flags.py::TestFlagConfig::test_flag_config_default_env_var PASSED [ 64%]
tests/unit/test_feature_flags.py::TestFeatureFlagManager::test_manager_initialization PASSED [ 64%]
tests/unit/test_feature_flags.py::TestFeatureFlagManager::test_is_enabled_default_values PASSED [ 64%]
tests/unit/test_feature_flags.py::TestFeatureFlagManager::test_set_flag PASSED [ 64%]
tests/unit/test_feature_flags.py::TestFeatureFlagManager::test_set_unknown_flag_raises_error PASSED [ 64%]
tests/unit/test_feature_flags.py::TestFeatureFlagManager::test_environment_variable_override PASSED [ 64%]
tests/unit/test_feature_flags.py::TestFeatureFlagManager::test_environment_variable_disable PASSED [ 64%]
tests/unit/test_feature_flags.py::TestFeatureFlagManager::test_environment_variable_formats PASSED [ 64%]
tests/unit/test_feature_flags.py::TestFeatureFlagManager::test_caching_behavior PASSED [ 65%]
tests/unit/test_feature_flags.py::TestFeatureFlagManager::test_get_all_flags PASSED [ 65%]
tests/unit/test_feature_flags.py::TestFeatureFlagManager::test_programmatic_override_beats_environment PASSED [ 65%]
tests/unit/test_feature_flags.py::TestModuleLevelFunctions::test_get_feature_flag_manager_singleton PASSED [ 65%]
tests/unit/test_feature_flags.py::TestModuleLevelFunctions::test_is_enabled_function PASSED [ 65%]
tests/unit/test_feature_flags.py::TestModuleLevelFunctions::test_set_flag_function PASSED [ 65%]
tests/unit/test_feature_flags.py::TestModuleLevelFunctions::test_get_all_flags_function PASSED [ 65%]
tests/unit/test_feature_flags.py::TestRequiresFlagDecorator::test_decorator_allows_when_enabled PASSED [ 65%]
tests/unit/test_feature_flags.py::TestRequiresFlagDecorator::test_decorator_blocks_when_disabled PASSED [ 65%]
tests/unit/test_feature_flags.py::TestRequiresFlagDecorator::test_decorator_with_method PASSED [ 65%]
tests/unit/test_feature_flags.py::TestRequiresFlagDecorator::test_decorator_preserves_function_name PASSED [ 65%]
tests/unit/test_feature_flags.py::TestRequiresFlagDecorator::test_decorator_with_arguments PASSED [ 66%]
tests/unit/test_feature_flags.py::TestRequiresFlagDecorator::test_decorator_with_exception_in_function PASSED [ 66%]
tests/unit/test_feature_flags.py::TestRequiresFlagDecorator::test_decorator_returns_none_when_disabled PASSED [ 66%]
tests/unit/test_feature_flags.py::TestFeatureFlagIntegration::test_multiple_flags_scenario PASSED [ 66%]
tests/unit/test_feature_flags.py::TestFeatureFlagIntegration::test_component_enhancement_flags PASSED [ 66%]
tests/unit/test_feature_flags.py::TestFeatureFlagIntegration::test_emergency_disable_scenario PASSED [ 66%]
tests/unit/test_feature_flags.py::TestFeatureFlagIntegration::test_environment_based_configuration PASSED [ 66%]
tests/unit/test_feature_flags.py::TestFeatureFlagIntegration::test_flag_usage_logging PASSED [ 66%]
tests/unit/test_interfaces_full.py::TestHealthCheckableProtocol::test_health_checkable_protocol_definition PASSED [ 66%]
tests/unit/test_interfaces_full.py::TestHealthCheckableProtocol::test_health_checkable_with_different_implementations PASSED [ 66%]
tests/unit/test_interfaces_full.py::TestDiarizationSegment::test_diarization_segment_creation_minimal FAILED [ 67%]
tests/unit/test_interfaces_full.py::TestDiarizationSegment::test_diarization_segment_creation_full FAILED [ 67%]
tests/unit/test_interfaces_full.py::TestDiarizationSegment::test_diarization_segment_equality FAILED [ 67%]
tests/unit/test_interfaces_full.py::TestTranscriptSegment::test_transcript_segment_creation_minimal PASSED [ 67%]
tests/unit/test_interfaces_full.py::TestTranscriptSegment::test_transcript_segment_creation_full PASSED [ 67%]
tests/unit/test_interfaces_full.py::TestAudioProvider::test_audio_provider_implementation FAILED [ 67%]
tests/unit/test_interfaces_full.py::TestLLMResponse::test_llm_response_creation_minimal PASSED [ 67%]
tests/unit/test_interfaces_full.py::TestLLMResponse::test_llm_response_creation_full PASSED [ 67%]
tests/unit/test_interfaces_full.py::TestLLMProvider::test_llm_provider_implementation PASSED [ 67%]
tests/unit/test_interfaces_full.py::TestGraphProvider::test_graph_provider_implementation PASSED [ 67%]
tests/unit/test_interfaces_full.py::TestEmbeddingProvider::test_embedding_provider_implementation PASSED [ 68%]
tests/unit/test_interfaces_full.py::TestExtractedEntities::test_extracted_entity FAILED [ 68%]
tests/unit/test_interfaces_full.py::TestExtractedEntities::test_extracted_insight FAILED [ 68%]
tests/unit/test_interfaces_full.py::TestExtractedEntities::test_extracted_quote FAILED [ 68%]
tests/unit/test_interfaces_full.py::TestKnowledgeExtractor::test_knowledge_extractor_implementation FAILED [ 68%]
tests/unit/test_interfaces_full.py::TestNeo4jManager::test_neo4j_manager_implementation FAILED [ 68%]
tests/unit/test_interfaces_full.py::TestNeo4jManager::test_neo4j_manager_with_exception FAILED [ 68%]
tests/unit/test_interfaces_full.py::TestNeo4jManager::test_neo4j_manager_abstract_methods FAILED [ 68%]
tests/unit/test_interfaces_full.py::TestProtocolCompliance::test_multiple_protocol_implementation PASSED [ 68%]
tests/unit/test_interfaces_full.py::TestProtocolCompliance::test_protocol_with_optional_methods FAILED [ 68%]
tests/unit/test_logging_utils.py::TestStructuredFormatter::test_format_log_record PASSED [ 68%]
tests/unit/test_logging_utils.py::TestStructuredFormatter::test_format_with_extra_fields PASSED [ 69%]
tests/unit/test_logging_utils.py::TestContextFilter::test_filter_adds_context FAILED [ 69%]
tests/unit/test_logging_utils.py::TestSetupLogging::test_setup_basic_logging FAILED [ 69%]
tests/unit/test_logging_utils.py::TestSetupLogging::test_setup_json_logging PASSED [ 69%]
tests/unit/test_logging_utils.py::TestGetLogger::test_get_logger PASSED  [ 69%]
tests/unit/test_logging_utils.py::TestGetLogger::test_get_logger_with_prefix PASSED [ 69%]
tests/unit/test_logging_utils.py::TestLogExecutionTime::test_execution_time_logging FAILED [ 69%]
tests/unit/test_logging_utils.py::TestLogExecutionTime::test_execution_time_with_exception FAILED [ 69%]
tests/unit/test_logging_utils.py::TestLogErrorWithContext::test_log_error_basic PASSED [ 69%]
tests/unit/test_logging_utils.py::TestLogErrorWithContext::test_log_error_with_traceback PASSED [ 69%]
tests/unit/test_logging_utils.py::TestLogMetric::test_log_metric_basic PASSED [ 70%]
tests/unit/test_logging_utils.py::TestLogMetric::test_log_metric_with_tags FAILED [ 70%]
tests/unit/test_memory.py::TestMemoryUtils::test_cleanup_memory PASSED   [ 70%]
tests/unit/test_memory.py::TestMemoryUtils::test_get_memory_usage_with_psutil PASSED [ 70%]
tests/unit/test_memory.py::TestMemoryUtils::test_get_memory_usage_without_psutil FAILED [ 70%]
tests/unit/test_memory.py::TestMemoryUtils::test_get_memory_usage_with_error PASSED [ 70%]
tests/unit/test_models.py::TestEnums::test_complexity_level_values PASSED [ 70%]
tests/unit/test_models.py::TestEnums::test_insight_type_values PASSED    [ 70%]
tests/unit/test_models.py::TestEnums::test_quote_type_values PASSED      [ 70%]
tests/unit/test_models.py::TestEnums::test_entity_type_values FAILED     [ 70%]
tests/unit/test_models.py::TestEnums::test_speaker_role_values PASSED    [ 70%]
tests/unit/test_models.py::TestEnums::test_enum_inheritance PASSED       [ 71%]
tests/unit/test_models.py::TestPodcast::test_podcast_creation_minimal PASSED [ 71%]
tests/unit/test_models.py::TestPodcast::test_podcast_creation_full PASSED [ 71%]
tests/unit/test_models.py::TestPodcast::test_podcast_to_dict PASSED      [ 71%]
tests/unit/test_models.py::TestPodcast::test_podcast_to_dict_with_none_values PASSED [ 71%]
tests/unit/test_models.py::TestEpisode::test_episode_creation_minimal PASSED [ 71%]
tests/unit/test_models.py::TestEpisode::test_episode_creation_full PASSED [ 71%]
tests/unit/test_models.py::TestEpisode::test_episode_to_dict PASSED      [ 71%]
tests/unit/test_models.py::TestSegment::test_segment_creation_minimal PASSED [ 71%]
tests/unit/test_models.py::TestSegment::test_segment_creation_full PASSED [ 71%]
tests/unit/test_models.py::TestSegment::test_segment_to_dict PASSED      [ 72%]
tests/unit/test_models.py::TestSegment::test_segment_to_dict_with_optional_fields PASSED [ 72%]
tests/unit/test_models.py::TestSpeaker::test_speaker_creation PASSED     [ 72%]
tests/unit/test_models.py::TestSpeaker::test_speaker_with_guest_role PASSED [ 72%]
tests/unit/test_models.py::TestSpeaker::test_speaker_to_dict PASSED      [ 72%]
tests/unit/test_models.py::TestSpeaker::test_speaker_to_dict_with_none_bio PASSED [ 72%]
tests/unit/test_models.py::TestEntity::test_entity_creation_minimal PASSED [ 72%]
tests/unit/test_models.py::TestEntity::test_entity_creation_full PASSED  [ 72%]
tests/unit/test_models.py::TestEntity::test_entity_default_importance PASSED [ 72%]
tests/unit/test_models.py::TestEntity::test_entity_to_dict FAILED        [ 72%]
tests/unit/test_models.py::TestQuote::test_quote_creation_minimal PASSED [ 72%]
tests/unit/test_models.py::TestQuote::test_quote_creation_full PASSED    [ 73%]
tests/unit/test_models.py::TestQuote::test_quote_to_dict PASSED          [ 73%]
tests/unit/test_models.py::TestInsight::test_insight_creation_minimal PASSED [ 73%]
tests/unit/test_models.py::TestInsight::test_insight_creation_full PASSED [ 73%]
tests/unit/test_models.py::TestInsight::test_insight_to_dict PASSED      [ 73%]
tests/unit/test_models.py::TestTopic::test_topic_creation FAILED         [ 73%]
tests/unit/test_models.py::TestTopic::test_topic_minimal FAILED          [ 73%]
tests/unit/test_models.py::TestTopic::test_topic_to_dict FAILED          [ 73%]
tests/unit/test_models.py::TestPotentialConnection::test_potential_connection_creation FAILED [ 73%]
tests/unit/test_models.py::TestPotentialConnection::test_potential_connection_minimal FAILED [ 73%]
tests/unit/test_models.py::TestProcessingResult::test_processing_result_creation PASSED [ 74%]
tests/unit/test_models.py::TestProcessingResult::test_processing_result_failed PASSED [ 74%]
tests/unit/test_models.py::TestEdgeCases::test_empty_lists_remain_independent FAILED [ 74%]
tests/unit/test_models.py::TestEdgeCases::test_enum_string_comparison FAILED [ 74%]
tests/unit/test_models.py::TestEdgeCases::test_dataclass_equality PASSED [ 74%]
tests/unit/test_models.py::TestEdgeCases::test_to_dict_methods_json_serializable FAILED [ 74%]
tests/unit/test_models.py::TestEdgeCases::test_optional_field_handling FAILED [ 74%]
tests/unit/test_models.py::TestEdgeCases::test_float_timestamp_handling FAILED [ 74%]
tests/unit/test_models.py::TestEdgeCases::test_large_embedding_vectors FAILED [ 74%]
tests/unit/test_orchestrator_scenarios.py::TestEndToEndScenarios::test_complete_podcast_processing ERROR [ 74%]
tests/unit/test_orchestrator_scenarios.py::TestEndToEndScenarios::test_podcast_processing_with_failures ERROR [ 74%]
tests/unit/test_orchestrator_scenarios.py::TestEndToEndScenarios::test_checkpoint_recovery_scenario ERROR [ 75%]
tests/unit/test_orchestrator_scenarios.py::TestEndToEndScenarios::test_schemaless_extraction_scenario ERROR [ 75%]
tests/unit/test_orchestrator_scenarios.py::TestEndToEndScenarios::test_large_batch_processing ERROR [ 75%]
tests/unit/test_orchestrator_scenarios.py::TestMemoryManagement::test_memory_cleanup_after_processing ERROR [ 75%]
tests/unit/test_orchestrator_scenarios.py::TestMemoryManagement::test_memory_monitoring_during_batch ERROR [ 75%]
tests/unit/test_orchestrator_scenarios.py::TestConcurrentProcessing::test_signal_handling_during_processing ERROR [ 75%]
tests/unit/test_orchestrator_scenarios.py::TestConfigurationScenarios::test_minimal_configuration FAILED [ 75%]
tests/unit/test_orchestrator_scenarios.py::TestConfigurationScenarios::test_custom_configuration FAILED [ 75%]
tests/unit/test_orchestrator_scenarios.py::TestErrorRecovery::test_provider_initialization_retry FAILED [ 75%]
tests/unit/test_orchestrator_scenarios.py::TestErrorRecovery::test_graceful_degradation ERROR [ 75%]
tests/unit/test_orchestrator_scenarios.py::TestPerformanceScenarios::test_batch_size_impact ERROR [ 76%]
tests/unit/test_orchestrator_scenarios.py::TestPerformanceScenarios::test_checkpoint_frequency ERROR [ 76%]
tests/unit/test_orchestrator_unit.py::TestPodcastKnowledgePipeline::test_pipeline_initialization FAILED [ 76%]
tests/unit/test_orchestrator_unit.py::TestPodcastKnowledgePipeline::test_pipeline_default_config FAILED [ 76%]
tests/unit/test_orchestrator_unit.py::TestPodcastKnowledgePipeline::test_setup_logging ERROR [ 76%]
tests/unit/test_orchestrator_unit.py::TestPodcastKnowledgePipeline::test_setup_logging_with_file ERROR [ 76%]
tests/unit/test_orchestrator_unit.py::TestPodcastKnowledgePipeline::test_setup_tracing ERROR [ 76%]
tests/unit/test_orchestrator_unit.py::TestPodcastKnowledgePipeline::test_initialize_components_success ERROR [ 76%]
tests/unit/test_orchestrator_unit.py::TestPodcastKnowledgePipeline::test_initialize_components_provider_failure ERROR [ 76%]
tests/unit/test_orchestrator_unit.py::TestPodcastKnowledgePipeline::test_initialize_components_health_check_failure ERROR [ 76%]
tests/unit/test_orchestrator_unit.py::TestPodcastKnowledgePipeline::test_verify_components_health ERROR [ 76%]
tests/unit/test_orchestrator_unit.py::TestPodcastKnowledgePipeline::test_cleanup ERROR [ 77%]
tests/unit/test_orchestrator_unit.py::TestPodcastKnowledgePipeline::test_seed_podcast ERROR [ 77%]
tests/unit/test_orchestrator_unit.py::TestPodcastKnowledgePipeline::test_seed_podcasts_single_config ERROR [ 77%]
tests/unit/test_orchestrator_unit.py::TestPodcastKnowledgePipeline::test_seed_podcasts_initialization_required ERROR [ 77%]
tests/unit/test_orchestrator_unit.py::TestPodcastKnowledgePipeline::test_seed_podcasts_initialization_failure ERROR [ 77%]
tests/unit/test_orchestrator_unit.py::TestPodcastKnowledgePipeline::test_seed_podcasts_with_shutdown ERROR [ 77%]
tests/unit/test_orchestrator_unit.py::TestPodcastKnowledgePipeline::test_seed_podcasts_with_errors ERROR [ 77%]
tests/unit/test_orchestrator_unit.py::TestPodcastKnowledgePipeline::test_seed_podcasts_schemaless_mode ERROR [ 77%]
tests/unit/test_orchestrator_unit.py::TestPodcastKnowledgePipeline::test_process_podcast ERROR [ 77%]
tests/unit/test_orchestrator_unit.py::TestPodcastKnowledgePipeline::test_process_podcast_with_episode_failure ERROR [ 77%]
tests/unit/test_orchestrator_unit.py::TestPodcastKnowledgePipeline::test_process_podcast_schemaless_metrics ERROR [ 78%]
tests/unit/test_orchestrator_unit.py::TestPodcastKnowledgePipeline::test_process_episode ERROR [ 78%]
tests/unit/test_orchestrator_unit.py::TestPodcastKnowledgePipeline::test_resume_from_checkpoints ERROR [ 78%]
tests/unit/test_orchestrator_unit.py::TestSignalHandling::test_signal_manager_setup FAILED [ 78%]
tests/unit/test_orchestrator_unit.py::TestBackwardCompatibility::test_backward_compatible_attributes FAILED [ 78%]
tests/unit/test_orchestrator_unit.py::TestEdgeCases::test_empty_podcast_list FAILED [ 78%]
tests/unit/test_orchestrator_unit.py::TestEdgeCases::test_invalid_config_type FAILED [ 78%]
tests/unit/test_validation_utils.py::TestValidateTextInput::test_valid_string PASSED [ 78%]
tests/unit/test_validation_utils.py::TestValidateTextInput::test_none_input PASSED [ 78%]
tests/unit/test_validation_utils.py::TestValidateTextInput::test_non_string_input PASSED [ 78%]
tests/unit/test_validation_utils.py::TestValidateTextInput::test_empty_string PASSED [ 78%]
tests/unit/test_validation_utils.py::TestValidateDateFormat::test_valid_date_formats PASSED [ 79%]
tests/unit/test_validation_utils.py::TestValidateDateFormat::test_empty_date PASSED [ 79%]
tests/unit/test_validation_utils.py::TestValidateDateFormat::test_invalid_date PASSED [ 79%]
tests/unit/test_validation_utils.py::TestSanitizeFilePath::test_safe_path PASSED [ 79%]
tests/unit/test_validation_utils.py::TestSanitizeFilePath::test_dangerous_paths PASSED [ 79%]
tests/unit/test_validation_utils.py::TestSanitizeFilePath::test_special_characters FAILED [ 79%]
tests/unit/test_validation_utils.py::TestSanitizeFilePath::test_double_slashes FAILED [ 79%]
tests/unit/test_validation_utils.py::TestDataValidator::test_validate_entities_empty PASSED [ 79%]
tests/unit/test_validation_utils.py::TestDataValidator::test_validate_entities_basic PASSED [ 79%]
tests/unit/test_validation_utils.py::TestDataValidator::test_validate_entities_missing_fields PASSED [ 79%]
tests/unit/test_validation_utils.py::TestDataValidator::test_validate_entities_duplicates PASSED [ 80%]
tests/unit/test_validation_utils.py::TestDataValidator::test_validate_entities_max_limit PASSED [ 80%]
tests/unit/test_validation_utils.py::TestDataValidator::test_validate_insights_empty PASSED [ 80%]
tests/unit/test_validation_utils.py::TestDataValidator::test_validate_insights_basic PASSED [ 80%]
tests/unit/test_validation_utils.py::TestDataValidator::test_validate_insights_too_short PASSED [ 80%]
tests/unit/test_validation_utils.py::TestDataValidator::test_validate_insights_duplicates PASSED [ 80%]
tests/unit/test_validation_utils.py::TestDataValidator::test_validate_quotes_empty PASSED [ 80%]
tests/unit/test_validation_utils.py::TestDataValidator::test_validate_quotes_basic PASSED [ 80%]
tests/unit/test_validation_utils.py::TestDataValidator::test_validate_quotes_too_short PASSED [ 80%]
tests/unit/test_validation_utils.py::TestDataValidator::test_validate_quotes_duplicates PASSED [ 80%]
tests/unit/test_validation_utils.py::TestDataValidator::test_validate_metrics PASSED [ 80%]
tests/unit/test_validation_utils.py::TestDataValidator::test_get_validation_report PASSED [ 81%]
tests/unit/test_validation_utils.py::TestValidateAndEnhanceInsights::test_basic_validation FAILED [ 81%]
tests/unit/test_validation_utils.py::TestUrlEmailValidation::test_is_valid_url PASSED [ 81%]
tests/unit/test_validation_utils.py::TestUrlEmailValidation::test_is_valid_email PASSED [ 81%]
tests/unit/test_vtt_parser_core.py::TestVTTParserCore::test_parse_minimal_vtt PASSED [ 81%]
tests/unit/test_vtt_parser_core.py::TestVTTParserCore::test_parse_standard_vtt PASSED [ 81%]
tests/unit/test_vtt_parser_core.py::TestVTTParserCore::test_handle_malformed_vtt PASSED [ 81%]
tests/unit/test_vtt_parser_core.py::TestVTTParserCore::test_parse_empty_file PASSED [ 81%]
tests/unit/test_vtt_parser_core.py::TestVTTParserCore::test_parse_large_timestamps PASSED [ 81%]
tests/unit/test_vtt_parser_core.py::TestVTTParserCore::test_parse_vtt_with_speakers PASSED [ 81%]
tests/unit/test_vtt_parser_core.py::TestVTTParserCore::test_parse_multiline_cues PASSED [ 82%]
tests/unit/test_vtt_parser_core.py::TestVTTParserCore::test_timestamp_parsing_edge_cases PASSED [ 82%]
tests/unit/test_vtt_parser_core.py::TestVTTParserCore::test_vtt_with_metadata PASSED [ 82%]
tests/utils/test_component_tracker.py::TestComponentTracker::test_tracker_initialization PASSED [ 82%]
tests/utils/test_component_tracker.py::TestComponentTracker::test_record_impact PASSED [ 82%]
tests/utils/test_component_tracker.py::TestComponentTracker::test_track_impact_context PASSED [ 82%]
tests/utils/test_component_tracker.py::TestComponentTracker::test_generate_impact_report PASSED [ 82%]
tests/utils/test_component_tracker.py::TestComponentTracker::test_compare_with_baseline PASSED [ 82%]
tests/utils/test_component_tracker.py::TestComponentTracker::test_identify_redundant_components PASSED [ 82%]
tests/utils/test_component_tracker.py::TestComponentTracker::test_tracking_decorator PASSED [ 82%]
tests/utils/test_component_tracker.py::TestComponentTracker::test_module_functions PASSED [ 82%]
tests/utils/test_debugging.py::TestErrorContext::test_error_context_creation PASSED [ 83%]
tests/utils/test_debugging.py::TestErrorContext::test_error_context_to_dict PASSED [ 83%]
tests/utils/test_debugging.py::TestErrorContext::test_error_context_to_json PASSED [ 83%]
tests/utils/test_debugging.py::TestDebugLogger::test_debug_logger_creation PASSED [ 83%]
tests/utils/test_debugging.py::TestDebugLogger::test_log_error_context PASSED [ 83%]
tests/utils/test_debugging.py::TestDebugLogger::test_log_error_context_severity_levels PASSED [ 83%]
tests/utils/test_debugging.py::TestDebugLogger::test_get_error_summary PASSED [ 83%]
tests/utils/test_debugging.py::TestDebugLogger::test_debug_logger_with_file PASSED [ 83%]
tests/utils/test_debugging.py::TestErrorContextDecorator::test_successful_function_call PASSED [ 83%]
tests/utils/test_debugging.py::TestErrorContextDecorator::test_function_with_error PASSED [ 83%]
tests/utils/test_debugging.py::TestDebugContext::test_successful_operation PASSED [ 84%]
tests/utils/test_debugging.py::TestDebugContext::test_failed_operation PASSED [ 84%]
tests/utils/test_debugging.py::TestErrorAnalyzer::test_analyze_rate_limit_error PASSED [ 84%]
tests/utils/test_debugging.py::TestErrorAnalyzer::test_analyze_database_error PASSED [ 84%]
tests/utils/test_debugging.py::TestErrorAnalyzer::test_analyze_memory_error PASSED [ 84%]
tests/utils/test_debugging.py::TestErrorAnalyzer::test_analyze_unknown_error PASSED [ 84%]
tests/utils/test_debugging.py::TestProviderErrorHandler::test_openai_rate_limit_handler PASSED [ 84%]
tests/utils/test_debugging.py::TestProviderErrorHandler::test_openai_context_length_handler PASSED [ 84%]
tests/utils/test_debugging.py::TestProviderErrorHandler::test_gemini_quota_handler PASSED [ 84%]
tests/utils/test_debugging.py::TestProviderErrorHandler::test_unknown_provider_error PASSED [ 84%]
tests/utils/test_debugging.py::TestErrorRecoveryStrategy::test_network_timeout_recovery PASSED [ 85%]
tests/utils/test_debugging.py::TestErrorRecoveryStrategy::test_memory_error_recovery PASSED [ 85%]
tests/utils/test_debugging.py::TestErrorRecoveryStrategy::test_no_recovery_strategy PASSED [ 85%]
tests/utils/test_patterns_performance.py::TestPatternMatchingPerformance::test_pattern_compilation_caching FAILED [ 85%]
tests/utils/test_patterns_performance.py::TestPatternMatchingPerformance::test_match_result_caching FAILED [ 85%]
tests/utils/test_patterns_performance.py::TestPatternMatchingPerformance::test_large_text_processing FAILED [ 85%]
tests/utils/test_patterns_performance.py::TestPatternMatchingPerformance::test_concurrent_pattern_matching FAILED [ 85%]
tests/utils/test_patterns_performance.py::TestPatternMatchingPerformance::test_pattern_library_performance FAILED [ 85%]
tests/utils/test_patterns_performance.py::TestPatternMatchingPerformance::test_scalability[100-0.01] FAILED [ 85%]
tests/utils/test_patterns_performance.py::TestPatternMatchingPerformance::test_scalability[1000-0.05] FAILED [ 85%]
tests/utils/test_patterns_performance.py::TestPatternMatchingPerformance::test_scalability[10000-0.5] FAILED [ 85%]
tests/utils/test_patterns_performance.py::TestPatternMatchingPerformance::test_cache_effectiveness FAILED [ 86%]
tests/utils/test_resources.py::TestTempFileManager::test_create_temp_file PASSED [ 86%]
tests/utils/test_resources.py::TestTempFileManager::test_create_temp_dir PASSED [ 86%]
tests/utils/test_resources.py::TestTempFileManager::test_cleanup_all PASSED [ 86%]
tests/utils/test_resources.py::TestTempFileManager::test_context_manager PASSED [ 86%]
tests/utils/test_resources.py::TestTempFileManager::test_cleanup_nonexistent PASSED [ 86%]
tests/utils/test_resources.py::TestTempContextManagers::test_temp_file_context PASSED [ 86%]
tests/utils/test_resources.py::TestTempContextManagers::test_temp_file_text_mode PASSED [ 86%]
tests/utils/test_resources.py::TestTempContextManagers::test_temp_dir_context PASSED [ 86%]
tests/utils/test_resources.py::TestProgressCheckpoint::test_save_and_load_checkpoint PASSED [ 86%]
tests/utils/test_resources.py::TestProgressCheckpoint::test_load_nonexistent_checkpoint PASSED [ 87%]
tests/utils/test_resources.py::TestProgressCheckpoint::test_get_completed_episodes PASSED [ 87%]
tests/utils/test_resources.py::TestProgressCheckpoint::test_clean_episode_checkpoints PASSED [ 87%]
tests/utils/test_resources.py::TestProgressCheckpoint::test_clean_old_checkpoints PASSED [ 87%]
tests/utils/test_resources.py::TestResourcePool::test_acquire_and_release FAILED [ 87%]
tests/utils/test_resources.py::TestResourcePool::test_reset_function FAILED [ 87%]
tests/utils/test_resources.py::TestResourcePool::test_context_manager FAILED [ 87%]
tests/utils/test_resources.py::TestResourcePool::test_max_pool_size FAILED [ 87%]
tests/utils/test_resources.py::TestResourcePool::test_clear_pool FAILED  [ 87%]
tests/utils/test_resources.py::TestConnectionManager::test_get_connection PASSED [ 87%]
tests/utils/test_resources.py::TestConnectionManager::test_close_connection PASSED [ 87%]
tests/utils/test_resources.py::TestConnectionManager::test_custom_close_function PASSED [ 88%]
tests/utils/test_resources.py::TestConnectionManager::test_context_manager PASSED [ 88%]
tests/utils/test_resources.py::TestConnectionManager::test_close_error_handling PASSED [ 88%]
tests/utils/test_resources.py::TestFileLock::test_file_lock_basic PASSED [ 88%]
tests/utils/test_resources.py::TestFileLock::test_file_lock_timeout PASSED [ 88%]
tests/utils/test_resources.py::TestFileLock::test_file_lock_cleanup_on_exception PASSED [ 88%]
tests/utils/test_retry.py::TestExponentialBackoff::test_initialization PASSED [ 88%]
tests/utils/test_retry.py::TestExponentialBackoff::test_exponential_growth PASSED [ 88%]
tests/utils/test_retry.py::TestExponentialBackoff::test_max_delay_capping PASSED [ 88%]
tests/utils/test_retry.py::TestExponentialBackoff::test_reset PASSED     [ 88%]
tests/utils/test_retry.py::TestExponentialBackoff::test_different_bases PASSED [ 89%]
tests/utils/test_retry.py::TestCalculateDelay::test_exponential_strategy PASSED [ 89%]
tests/utils/test_retry.py::TestCalculateDelay::test_linear_strategy PASSED [ 89%]
tests/utils/test_retry.py::TestCalculateDelay::test_constant_strategy PASSED [ 89%]
tests/utils/test_retry.py::TestCalculateDelay::test_fibonacci_strategy PASSED [ 89%]
tests/utils/test_retry.py::TestCalculateDelay::test_max_delay_cap PASSED [ 89%]
tests/utils/test_retry.py::TestWithRetryDecorator::test_successful_call PASSED [ 89%]
tests/utils/test_retry.py::TestWithRetryDecorator::test_retry_on_exception FAILED [ 89%]
tests/utils/test_retry.py::TestWithRetryDecorator::test_max_retries_exceeded FAILED [ 89%]
tests/utils/test_retry.py::TestWithRetryDecorator::test_specific_exception_types FAILED [ 89%]
tests/utils/test_retry.py::TestWithRetryDecorator::test_retryable_error_patterns PASSED [ 89%]
tests/utils/test_retry.py::TestWithRetryDecorator::test_backoff_timing PASSED [ 90%]
tests/utils/test_retry.py::TestWithRetryDecorator::test_jitter PASSED    [ 90%]
tests/utils/test_retry.py::TestWithRetryDecorator::test_different_strategies FAILED [ 90%]
tests/utils/test_retry.py::TestWithRetryDecorator::test_logging PASSED   [ 90%]
tests/utils/test_retry.py::TestCircuitBreaker::test_initialization PASSED [ 90%]
tests/utils/test_retry.py::TestCircuitBreaker::test_successful_calls PASSED [ 90%]
tests/utils/test_retry.py::TestCircuitBreaker::test_circuit_opens_on_failures PASSED [ 90%]
tests/utils/test_retry.py::TestCircuitBreaker::test_open_circuit_rejects_calls PASSED [ 90%]
tests/utils/test_retry.py::TestCircuitBreaker::test_half_open_state PASSED [ 90%]
tests/utils/test_retry.py::TestCircuitBreaker::test_recovery_from_half_open PASSED [ 90%]
tests/utils/test_retry.py::TestCircuitBreaker::test_failure_in_half_open_reopens 